Using pre-set license
Built from '2020.2/staging' branch; Version is '2020.2.3f1 (8ff31bc5bf5b) revision 9433883'; Using compiler version '192528614'; Build Type 'Release'
OS: 'Windows 10 Pro; OS build 18363.1316; Version 1909; 64bit' Language: 'en' Physical Memory: 16206 MB
BatchMode: 1, IsHumanControllingUs: 0, StartBugReporterOnCrash: 0, Is64bit: 1, IsPro: 0

 COMMAND LINE ARGUMENTS:
C:\Program Files\Unity\Editor\2020.2.3f1\Editor\Unity.exe
-adb2
-batchMode
-noUpm
-name
AssetImportWorker0
-projectPath
C:/dev/nexus/products/Macerus/macerus-unity
-logFile
Logs/AssetImportWorker0.log
-srvPort
57740
Successfully changed project path to: C:/dev/nexus/products/Macerus/macerus-unity
C:/dev/nexus/products/Macerus/macerus-unity
Using Asset Import Pipeline V2.
Refreshing native plugins compatible for Editor in 102.28 ms, found 0 plugins.
Preloading 0 native plugins for Editor in 0.00 ms.
Initialize engine version: 2020.2.3f1 (8ff31bc5bf5b)
[Subsystems] Discovering subsystems at path C:/Program Files/Unity/Editor/2020.2.3f1/Editor/Data/Resources/UnitySubsystems
[Subsystems] Discovering subsystems at path C:/dev/nexus/products/Macerus/macerus-unity/Assets
GfxDevice: creating device client; threaded=0
Direct3D:
    Version:  Direct3D 11.0 [level 11.0]
    Renderer: NVIDIA Quadro M1000M (ID=0x13b1)
    Vendor:   
    VRAM:     2007 MB
    Driver:   27.21.14.5256
Initialize mono
Mono path[0] = 'C:/Program Files/Unity/Editor/2020.2.3f1/Editor/Data/Managed'
Mono path[1] = 'C:/Program Files/Unity/Editor/2020.2.3f1/Editor/Data/MonoBleedingEdge/lib/mono/unityjit'
Mono config path = 'C:/Program Files/Unity/Editor/2020.2.3f1/Editor/Data/MonoBleedingEdge/etc'
Using monoOptions --debugger-agent=transport=dt_socket,embedding=1,server=y,suspend=n,address=127.0.0.1:56464
Begin MonoManager ReloadAssembly
Registering precompiled unity dll's ...
Register platform support module: C:/Program Files/Unity/Editor/2020.2.3f1/Editor/Data/PlaybackEngines/WindowsStandaloneSupport/UnityEditor.WindowsStandalone.Extensions.dll
Registered in 0.002877 seconds.
Native extension for WindowsStandalone target not found
Refreshing native plugins compatible for Editor in 58.40 ms, found 0 plugins.
Preloading 0 native plugins for Editor in 0.00 ms.
Invoked RoslynAnalysisRunner static constructor.
RoslynAnalysisRunner will not be running.
RoslynAnalysisRunner has terminated.
Mono: successfully reloaded assembly
- Completed reload, in  2.583 seconds
Platform modules already initialized, skipping
Registering precompiled user dll's ...
Registered in 0.058280 seconds.
Begin MonoManager ReloadAssembly
Failed loading assembly 'Assets/Dependencies/System.IO.Compression.FileSystem.dll' reason: File does not contain a valid CIL image
Loading assembly failed: "Assets/Dependencies/System.IO.Compression.FileSystem.dll" reason: File does not contain a valid CIL image

Failed loading assembly 'Assets/Dependencies/System.IO.Compression.dll' reason: File does not contain a valid CIL image
Loading assembly failed: "Assets/Dependencies/System.IO.Compression.dll" reason: File does not contain a valid CIL image

Native extension for WindowsStandalone target not found
Refreshing native plugins compatible for Editor in 1.05 ms, found 0 plugins.
Preloading 0 native plugins for Editor in 0.00 ms.
Invoked RoslynAnalysisRunner static constructor.
RoslynAnalysisRunner will not be running.
RoslynAnalysisRunner has terminated.
Mono: successfully reloaded assembly
- Completed reload, in  1.420 seconds
Platform modules already initialized, skipping
Assertion failed on expression: 'reloadOk'

========================================================================
Worker process is ready to serve import requests
Launched and connected shader compiler UnityShaderCompiler.exe after 0.08 seconds
Refreshing native plugins compatible for Editor in 2.06 ms, found 0 plugins.
Preloading 0 native plugins for Editor in 0.00 ms.
Unloading 1774 Unused Serialized files (Serialized files now loaded: 0)
System memory in use before: 73.7 MB.
System memory in use after: 73.8 MB.

Unloading 129 unused Assets to reduce memory usage. Loaded Objects now: 2107.
Total: 4.120300 ms (FindLiveObjects: 0.512900 ms CreateObjectMapping: 0.231700 ms MarkObjects: 3.172300 ms  DeleteObjects: 0.201500 ms)

========================================================================
Received Import Request.
  path: Assets/Resources/Gui/Prefabs/MainMenu/MainMenuToggle.prefab
  artifactKey: Guid(02336b1ff4fa422439a4ea9baa293110) Importer(815301076,1909f56bfc062723c751e8b465ee728b)
Start importing Assets/Resources/Gui/Prefabs/MainMenu/MainMenuToggle.prefab using Guid(02336b1ff4fa422439a4ea9baa293110) Importer(815301076,1909f56bfc062723c751e8b465ee728b)  -> (artifact id: 'd783aba73fdf7abdb7e21d76474e8c45') in 0.080709 seconds
  Import took 0.084847 seconds .

========================================================================
Received Import Request.
  Time since last request: 0.001532 seconds.
  path: Assets/Resources/Gui/Prefabs/MainMenu/MainMenuTitle.prefab
  artifactKey: Guid(4563acc5303b10c47bc242db60d25498) Importer(815301076,1909f56bfc062723c751e8b465ee728b)
Start importing Assets/Resources/Gui/Prefabs/MainMenu/MainMenuTitle.prefab using Guid(4563acc5303b10c47bc242db60d25498) Importer(815301076,1909f56bfc062723c751e8b465ee728b)  -> (artifact id: '98aae86752a51e24dc2e3c34aabb8157') in 0.014920 seconds
  Import took 0.018843 seconds .

========================================================================
Received Import Request.
  Time since last request: 0.000422 seconds.
  path: Assets/Resources/Gui/Prefabs/MainMenu/MainMenuButton.prefab
  artifactKey: Guid(b90224c472c875c4facb932286a1f527) Importer(815301076,1909f56bfc062723c751e8b465ee728b)
Start importing Assets/Resources/Gui/Prefabs/MainMenu/MainMenuButton.prefab using Guid(b90224c472c875c4facb932286a1f527) Importer(815301076,1909f56bfc062723c751e8b465ee728b)  -> (artifact id: '84e125eb3c9e81bc852bea50f9ddc5ee') in 0.034932 seconds
  Import took 0.039039 seconds .

========================================================================
Received Prepare
Registering precompiled user dll's ...
Registered in 0.059555 seconds.
Begin MonoManager ReloadAssembly
Failed loading assembly 'Assets/Dependencies/System.IO.Compression.FileSystem.dll' reason: File does not contain a valid CIL image
Loading assembly failed: "Assets/Dependencies/System.IO.Compression.FileSystem.dll" reason: File does not contain a valid CIL image

Failed loading assembly 'Assets/Dependencies/System.IO.Compression.dll' reason: File does not contain a valid CIL image
Loading assembly failed: "Assets/Dependencies/System.IO.Compression.dll" reason: File does not contain a valid CIL image

Native extension for WindowsStandalone target not found
Refreshing native plugins compatible for Editor in 1.17 ms, found 0 plugins.
Preloading 0 native plugins for Editor in 0.00 ms.
Invoked RoslynAnalysisRunner static constructor.
RoslynAnalysisRunner will not be running.
RoslynAnalysisRunner has terminated.
Mono: successfully reloaded assembly
- Completed reload, in  1.637 seconds
Platform modules already initialized, skipping
Assertion failed on expression: 'reloadOk'

Refreshing native plugins compatible for Editor in 1.18 ms, found 0 plugins.
Preloading 0 native plugins for Editor in 0.00 ms.
Unloading 1770 Unused Serialized files (Serialized files now loaded: 0)
System memory in use before: 73.9 MB.
System memory in use after: 74.0 MB.

Unloading 122 unused Assets to reduce memory usage. Loaded Objects now: 2111.
Total: 2.759500 ms (FindLiveObjects: 0.449300 ms CreateObjectMapping: 0.161900 ms MarkObjects: 2.031800 ms  DeleteObjects: 0.114800 ms)

========================================================================
Received Prepare
Registering precompiled user dll's ...
Registered in 0.066641 seconds.
Begin MonoManager ReloadAssembly
Failed loading assembly 'Assets/Dependencies/System.IO.Compression.FileSystem.dll' reason: File does not contain a valid CIL image
Loading assembly failed: "Assets/Dependencies/System.IO.Compression.FileSystem.dll" reason: File does not contain a valid CIL image

Failed loading assembly 'Assets/Dependencies/System.IO.Compression.dll' reason: File does not contain a valid CIL image
Loading assembly failed: "Assets/Dependencies/System.IO.Compression.dll" reason: File does not contain a valid CIL image

Native extension for WindowsStandalone target not found
Refreshing native plugins compatible for Editor in 1.87 ms, found 0 plugins.
Preloading 0 native plugins for Editor in 0.00 ms.
Invoked RoslynAnalysisRunner static constructor.
RoslynAnalysisRunner will not be running.
RoslynAnalysisRunner has terminated.
Mono: successfully reloaded assembly
- Completed reload, in  1.247 seconds
Platform modules already initialized, skipping
Assertion failed on expression: 'reloadOk'

Refreshing native plugins compatible for Editor in 1.19 ms, found 0 plugins.
Preloading 0 native plugins for Editor in 0.00 ms.
Unloading 1770 Unused Serialized files (Serialized files now loaded: 0)
System memory in use before: 73.9 MB.
System memory in use after: 74.0 MB.

Unloading 120 unused Assets to reduce memory usage. Loaded Objects now: 2113.
Total: 3.862500 ms (FindLiveObjects: 0.192700 ms CreateObjectMapping: 0.061800 ms MarkObjects: 3.450600 ms  DeleteObjects: 0.152800 ms)

========================================================================
Received Prepare
Registering precompiled user dll's ...
Registered in 0.060014 seconds.
Begin MonoManager ReloadAssembly
Failed loading assembly 'Assets/Dependencies/System.IO.Compression.FileSystem.dll' reason: File does not contain a valid CIL image
Loading assembly failed: "Assets/Dependencies/System.IO.Compression.FileSystem.dll" reason: File does not contain a valid CIL image

Failed loading assembly 'Assets/Dependencies/System.IO.Compression.dll' reason: File does not contain a valid CIL image
Loading assembly failed: "Assets/Dependencies/System.IO.Compression.dll" reason: File does not contain a valid CIL image

Native extension for WindowsStandalone target not found
Refreshing native plugins compatible for Editor in 1.34 ms, found 0 plugins.
Preloading 0 native plugins for Editor in 0.00 ms.
Invoked RoslynAnalysisRunner static constructor.
RoslynAnalysisRunner will not be running.
RoslynAnalysisRunner has terminated.
Mono: successfully reloaded assembly
- Completed reload, in  1.260 seconds
Platform modules already initialized, skipping
Assertion failed on expression: 'reloadOk'

Refreshing native plugins compatible for Editor in 1.13 ms, found 0 plugins.
Preloading 0 native plugins for Editor in 0.00 ms.
Unloading 1770 Unused Serialized files (Serialized files now loaded: 0)
System memory in use before: 73.9 MB.
System memory in use after: 74.0 MB.

Unloading 120 unused Assets to reduce memory usage. Loaded Objects now: 2115.
Total: 2.167900 ms (FindLiveObjects: 0.214800 ms CreateObjectMapping: 0.102300 ms MarkObjects: 1.767400 ms  DeleteObjects: 0.082200 ms)

========================================================================
Received Prepare
Registering precompiled user dll's ...
Registered in 0.063047 seconds.
Begin MonoManager ReloadAssembly
Failed loading assembly 'Assets/Dependencies/System.IO.Compression.FileSystem.dll' reason: File does not contain a valid CIL image
Loading assembly failed: "Assets/Dependencies/System.IO.Compression.FileSystem.dll" reason: File does not contain a valid CIL image

Failed loading assembly 'Assets/Dependencies/System.IO.Compression.dll' reason: File does not contain a valid CIL image
Loading assembly failed: "Assets/Dependencies/System.IO.Compression.dll" reason: File does not contain a valid CIL image

Native extension for WindowsStandalone target not found
Refreshing native plugins compatible for Editor in 1.17 ms, found 0 plugins.
Preloading 0 native plugins for Editor in 0.00 ms.
Invoked RoslynAnalysisRunner static constructor.
RoslynAnalysisRunner will not be running.
RoslynAnalysisRunner has terminated.
Mono: successfully reloaded assembly
- Completed reload, in  1.292 seconds
Platform modules already initialized, skipping
Assertion failed on expression: 'reloadOk'

Refreshing native plugins compatible for Editor in 1.62 ms, found 0 plugins.
Preloading 0 native plugins for Editor in 0.00 ms.
Unloading 1770 Unused Serialized files (Serialized files now loaded: 0)
System memory in use before: 73.9 MB.
System memory in use after: 74.0 MB.

Unloading 120 unused Assets to reduce memory usage. Loaded Objects now: 2117.
Total: 2.310400 ms (FindLiveObjects: 0.225700 ms CreateObjectMapping: 0.096300 ms MarkObjects: 1.897900 ms  DeleteObjects: 0.089600 ms)

========================================================================
Received Prepare
Registering precompiled user dll's ...
Registered in 0.057252 seconds.
Begin MonoManager ReloadAssembly
Failed loading assembly 'Assets/Dependencies/System.IO.Compression.FileSystem.dll' reason: File does not contain a valid CIL image
Loading assembly failed: "Assets/Dependencies/System.IO.Compression.FileSystem.dll" reason: File does not contain a valid CIL image

Failed loading assembly 'Assets/Dependencies/System.IO.Compression.dll' reason: File does not contain a valid CIL image
Loading assembly failed: "Assets/Dependencies/System.IO.Compression.dll" reason: File does not contain a valid CIL image

Native extension for WindowsStandalone target not found
Refreshing native plugins compatible for Editor in 1.49 ms, found 0 plugins.
Preloading 0 native plugins for Editor in 0.00 ms.
Invoked RoslynAnalysisRunner static constructor.
RoslynAnalysisRunner will not be running.
RoslynAnalysisRunner has terminated.
Mono: successfully reloaded assembly
- Completed reload, in  1.374 seconds
Platform modules already initialized, skipping
Assertion failed on expression: 'reloadOk'

Refreshing native plugins compatible for Editor in 1.21 ms, found 0 plugins.
Preloading 0 native plugins for Editor in 0.00 ms.
Unloading 1770 Unused Serialized files (Serialized files now loaded: 0)
System memory in use before: 73.9 MB.
System memory in use after: 74.0 MB.

Unloading 120 unused Assets to reduce memory usage. Loaded Objects now: 2119.
Total: 3.799400 ms (FindLiveObjects: 0.282400 ms CreateObjectMapping: 0.165500 ms MarkObjects: 3.281900 ms  DeleteObjects: 0.067700 ms)

========================================================================
Received Prepare
Registering precompiled user dll's ...
Registered in 0.060497 seconds.
Begin MonoManager ReloadAssembly
Failed loading assembly 'Assets/Dependencies/System.IO.Compression.FileSystem.dll' reason: File does not contain a valid CIL image
Loading assembly failed: "Assets/Dependencies/System.IO.Compression.FileSystem.dll" reason: File does not contain a valid CIL image

Failed loading assembly 'Assets/Dependencies/System.IO.Compression.dll' reason: File does not contain a valid CIL image
Loading assembly failed: "Assets/Dependencies/System.IO.Compression.dll" reason: File does not contain a valid CIL image

Native extension for WindowsStandalone target not found
Refreshing native plugins compatible for Editor in 1.06 ms, found 0 plugins.
Preloading 0 native plugins for Editor in 0.00 ms.
Invoked RoslynAnalysisRunner static constructor.
RoslynAnalysisRunner will not be running.
RoslynAnalysisRunner has terminated.
Mono: successfully reloaded assembly
- Completed reload, in  1.373 seconds
Platform modules already initialized, skipping
Assertion failed on expression: 'reloadOk'

Refreshing native plugins compatible for Editor in 1.47 ms, found 0 plugins.
Preloading 0 native plugins for Editor in 0.00 ms.
Unloading 1770 Unused Serialized files (Serialized files now loaded: 0)
System memory in use before: 73.9 MB.
System memory in use after: 74.1 MB.

Unloading 120 unused Assets to reduce memory usage. Loaded Objects now: 2121.
Total: 3.119100 ms (FindLiveObjects: 0.381800 ms CreateObjectMapping: 0.119600 ms MarkObjects: 2.504100 ms  DeleteObjects: 0.111400 ms)

========================================================================
Received Import Request.
  Time since last request: 763.385428 seconds.
  path: Assets/Scenes/Explore.unity
  artifactKey: Guid(2cda990e2423bbf4892e6590ba056729) Importer(815301076,1909f56bfc062723c751e8b465ee728b)
Start importing Assets/Scenes/Explore.unity using Guid(2cda990e2423bbf4892e6590ba056729) Importer(815301076,1909f56bfc062723c751e8b465ee728b)  -> (artifact id: '4f22be6ce43e0eb8bf1f102c940bb8d5') in 0.027324 seconds
  Import took 0.034586 seconds .

========================================================================
Received Prepare
Registering precompiled user dll's ...
Registered in 0.064713 seconds.
Begin MonoManager ReloadAssembly
Symbol file LoadedFromMemory is not a mono symbol file
Symbol file LoadedFromMemory is not a mono symbol file
Symbol file LoadedFromMemory is not a mono symbol file
Symbol file LoadedFromMemory is not a mono symbol file
Symbol file LoadedFromMemory is not a mono symbol file
Symbol file LoadedFromMemory is not a mono symbol file
Symbol file LoadedFromMemory is not a mono symbol file
Symbol file LoadedFromMemory is not a mono symbol file
Symbol file LoadedFromMemory is not a mono symbol file
Symbol file LoadedFromMemory is not a mono symbol file
Symbol file LoadedFromMemory is not a mono symbol file
Symbol file LoadedFromMemory is not a mono symbol file
Symbol file LoadedFromMemory is not a mono symbol file
Symbol file LoadedFromMemory is not a mono symbol file
Symbol file LoadedFromMemory is not a mono symbol file
Symbol file LoadedFromMemory is not a mono symbol file
Symbol file LoadedFromMemory is not a mono symbol file
Symbol file LoadedFromMemory is not a mono symbol file
Symbol file LoadedFromMemory is not a mono symbol file
Symbol file LoadedFromMemory is not a mono symbol file
Symbol file LoadedFromMemory is not a mono symbol file
Symbol file LoadedFromMemory is not a mono symbol file
Symbol file LoadedFromMemory is not a mono symbol file
Symbol file LoadedFromMemory is not a mono symbol file
Symbol file LoadedFromMemory is not a mono symbol file
Symbol file LoadedFromMemory is not a mono symbol file
Symbol file LoadedFromMemory is not a mono symbol file
Symbol file LoadedFromMemory is not a mono symbol file
Symbol file LoadedFromMemory is not a mono symbol file
Symbol file LoadedFromMemory is not a mono symbol file
Symbol file LoadedFromMemory is not a mono symbol file
Symbol file LoadedFromMemory is not a mono symbol file
Symbol file LoadedFromMemory is not a mono symbol file
Symbol file LoadedFromMemory is not a mono symbol file
Symbol file LoadedFromMemory is not a mono symbol file
Symbol file LoadedFromMemory is not a mono symbol file
Symbol file LoadedFromMemory is not a mono symbol file
Symbol file LoadedFromMemory is not a mono symbol file
Symbol file LoadedFromMemory is not a mono symbol file
Symbol file LoadedFromMemory is not a mono symbol file
Symbol file LoadedFromMemory is not a mono symbol file
Symbol file LoadedFromMemory is not a mono symbol file
Symbol file LoadedFromMemory is not a mono symbol file
Symbol file LoadedFromMemory is not a mono symbol file
Symbol file LoadedFromMemory is not a mono symbol file
Symbol file LoadedFromMemory is not a mono symbol file
Symbol file LoadedFromMemory is not a mono symbol file
Symbol file LoadedFromMemory is not a mono symbol file
Symbol file LoadedFromMemory is not a mono symbol file
Symbol file LoadedFromMemory is not a mono symbol file
Symbol file LoadedFromMemory is not a mono symbol file
Symbol file LoadedFromMemory is not a mono symbol file
Symbol file LoadedFromMemory is not a mono symbol file
Symbol file LoadedFromMemory is not a mono symbol file
Symbol file LoadedFromMemory is not a mono symbol file
Failed loading assembly 'Assets/Dependencies/System.IO.Compression.FileSystem.dll' reason: File does not contain a valid CIL image
Loading assembly failed: "Assets/Dependencies/System.IO.Compression.FileSystem.dll" reason: File does not contain a valid CIL image

Symbol file LoadedFromMemory is not a mono symbol file
Symbol file LoadedFromMemory is not a mono symbol file
Failed loading assembly 'Assets/Dependencies/System.IO.Compression.dll' reason: File does not contain a valid CIL image
Loading assembly failed: "Assets/Dependencies/System.IO.Compression.dll" reason: File does not contain a valid CIL image

Symbol file LoadedFromMemory is not a mono symbol file
Symbol file LoadedFromMemory is not a mono symbol file
Symbol file LoadedFromMemory is not a mono symbol file
Symbol file LoadedFromMemory is not a mono symbol file
Symbol file LoadedFromMemory is not a mono symbol file
Symbol file LoadedFromMemory is not a mono symbol file
Symbol file LoadedFromMemory is not a mono symbol file
Symbol file LoadedFromMemory is not a mono symbol file
Symbol file LoadedFromMemory is not a mono symbol file
Symbol file LoadedFromMemory is not a mono symbol file
Symbol file LoadedFromMemory is not a mono symbol file
Symbol file LoadedFromMemory is not a mono symbol file
Symbol file LoadedFromMemory is not a mono symbol file
Symbol file LoadedFromMemory is not a mono symbol file
Symbol file LoadedFromMemory is not a mono symbol file
Symbol file LoadedFromMemory is not a mono symbol file
Symbol file LoadedFromMemory is not a mono symbol file
Symbol file LoadedFromMemory is not a mono symbol file
Symbol file LoadedFromMemory is not a mono symbol file
Symbol file LoadedFromMemory is not a mono symbol file
Symbol file LoadedFromMemory is not a mono symbol file
Symbol file LoadedFromMemory is not a mono symbol file
Symbol file LoadedFromMemory is not a mono symbol file
Symbol file LoadedFromMemory is not a mono symbol file
Symbol file LoadedFromMemory is not a mono symbol file
Symbol file LoadedFromMemory is not a mono symbol file
Symbol file LoadedFromMemory is not a mono symbol file
Symbol file LoadedFromMemory is not a mono symbol file
Error: Could not load signature of ProjectXyz.Plugins.Features.Enchantments.Generation.BaseEnchantmentGenerator:.ctor due to: Could not load file or assembly 'NexusLabs.Framework, Version=0.0.5.0, Culture=neutral, PublicKeyToken=null' or one of its dependencies. assembly:NexusLabs.Framework, Version=0.0.5.0, Culture=neutral, PublicKeyToken=null type:<unknown type> member:(null) signature:<none>

Error: Could not load signature of ProjectXyz.Plugins.Framework.NexusLabs.NexusModule+<>c:<SafeLoad>b__0_0 due to: Could not load file or assembly 'NexusLabs.Framework, Version=0.0.5.0, Culture=neutral, PublicKeyToken=null' or one of its dependencies. assembly:NexusLabs.Framework, Version=0.0.5.0, Culture=neutral, PublicKeyToken=null type:<unknown type> member:(null) signature:<none>

Error: Could not load signature of Macerus.Plugins.Content.Wip.Enchantments.RandomRangeExpressionGeneratorComponentToBehaviorConverter:.ctor due to: Could not load file or assembly 'NexusLabs.Framework, Version=0.0.5.0, Culture=neutral, PublicKeyToken=null' or one of its dependencies. assembly:NexusLabs.Framework, Version=0.0.5.0, Culture=neutral, PublicKeyToken=null type:<unknown type> member:(null) signature:<none>

Error: Could not load signature of ProjectXyz.Plugins.Data.Newtonsoft.NewtonsoftJsonRecursiveSerialization:.ctor due to: Could not load file or assembly 'NexusLabs.Framework, Version=0.0.5.0, Culture=neutral, PublicKeyToken=null' or one of its dependencies. assembly:NexusLabs.Framework, Version=0.0.5.0, Culture=neutral, PublicKeyToken=null type:<unknown type> member:(null) signature:<none>

Error: Could not load signature of ProjectXyz.Api.Framework.Collections.EnumerableExtensions:Random due to: Could not load file or assembly 'NexusLabs.Framework, Version=0.0.5.0, Culture=neutral, PublicKeyToken=null' or one of its dependencies. assembly:NexusLabs.Framework, Version=0.0.5.0, Culture=neutral, PublicKeyToken=null type:<unknown type> member:(null) signature:<none>

Error: Could not load signature of ProjectXyz.Plugins.Features.GameObjects.Items.Generation.BaseItemGenerator:.ctor due to: Could not load file or assembly 'NexusLabs.Framework, Version=0.0.5.0, Culture=neutral, PublicKeyToken=null' or one of its dependencies. assembly:NexusLabs.Framework, Version=0.0.5.0, Culture=neutral, PublicKeyToken=null type:<unknown type> member:(null) signature:<none>

Error: Could not load signature of Macerus.Plugins.Features.GameObjects.Items.Generation.Magic.MagicItemNameGenerator:.ctor due to: Could not load file or assembly 'NexusLabs.Framework, Version=0.0.5.0, Culture=neutral, PublicKeyToken=null' or one of its dependencies. assembly:NexusLabs.Framework, Version=0.0.5.0, Culture=neutral, PublicKeyToken=null type:<unknown type> member:(null) signature:<none>

Error: Could not load signature of ProjectXyz.Plugins.Features.GameObjects.Items.Generation.InMemory.ItemGeneratorFacade:.ctor due to: Could not load file or assembly 'NexusLabs.Framework, Version=0.0.5.0, Culture=neutral, PublicKeyToken=null' or one of its dependencies. assembly:NexusLabs.Framework, Version=0.0.5.0, Culture=neutral, PublicKeyToken=null type:<unknown type> member:(null) signature:<none>

Unloading broken assembly Assets/Plugins/ProjectXyz.Plugins.Features.Enchantments.Generation.dll, this assembly can cause crashes in the runtime

Unloading broken assembly Assets/Plugins/ProjectXyz.Plugins.Framework.NexusLabs.dll, this assembly can cause crashes in the runtime

Unloading broken assembly Assets/Plugins/Macerus.Plugins.Content.Wip.dll, this assembly can cause crashes in the runtime

Unloading broken assembly Assets/Plugins/ProjectXyz.Plugins.Data.Newtonsoft.dll, this assembly can cause crashes in the runtime

Unloading broken assembly Assets/Plugins/ProjectXyz.Api.Framework.dll, this assembly can cause crashes in the runtime

Unloading broken assembly Assets/Plugins/ProjectXyz.Plugins.Features.GameObjects.Items.Generation.dll, this assembly can cause crashes in the runtime

Unloading broken assembly Assets/Plugins/Macerus.Plugins.Features.GameObjects.Items.Generation.Magic.dll, this assembly can cause crashes in the runtime

Unloading broken assembly Assets/Plugins/ProjectXyz.Plugins.Features.GameObjects.Items.Generation.InMemory.dll, this assembly can cause crashes in the runtime

Native extension for WindowsStandalone target not found
Refreshing native plugins compatible for Editor in 1.50 ms, found 0 plugins.
Preloading 0 native plugins for Editor in 0.00 ms.
Invoked RoslynAnalysisRunner static constructor.
RoslynAnalysisRunner will not be running.
RoslynAnalysisRunner has terminated.
Mono: successfully reloaded assembly
- Completed reload, in  1.808 seconds
Platform modules already initialized, skipping
Assertion failed on expression: 'reloadOk'

Refreshing native plugins compatible for Editor in 1.79 ms, found 0 plugins.
Preloading 0 native plugins for Editor in 0.00 ms.
Unloading 1775 Unused Serialized files (Serialized files now loaded: 0)
System memory in use before: 74.1 MB.
System memory in use after: 74.2 MB.

Unloading 125 unused Assets to reduce memory usage. Loaded Objects now: 2123.
Total: 3.413800 ms (FindLiveObjects: 0.285200 ms CreateObjectMapping: 0.085200 ms MarkObjects: 2.969200 ms  DeleteObjects: 0.072100 ms)

========================================================================
Received Prepare
Registering precompiled user dll's ...
Registered in 0.063196 seconds.
Begin MonoManager ReloadAssembly
Symbol file LoadedFromMemory is not a mono symbol file
Symbol file LoadedFromMemory is not a mono symbol file
Symbol file LoadedFromMemory is not a mono symbol file
Symbol file LoadedFromMemory is not a mono symbol file
Symbol file LoadedFromMemory is not a mono symbol file
Symbol file LoadedFromMemory is not a mono symbol file
Symbol file LoadedFromMemory is not a mono symbol file
Symbol file LoadedFromMemory is not a mono symbol file
Symbol file LoadedFromMemory is not a mono symbol file
Symbol file LoadedFromMemory is not a mono symbol file
Symbol file LoadedFromMemory is not a mono symbol file
Symbol file LoadedFromMemory is not a mono symbol file
Symbol file LoadedFromMemory is not a mono symbol file
Symbol file LoadedFromMemory is not a mono symbol file
Symbol file LoadedFromMemory is not a mono symbol file
Symbol file LoadedFromMemory is not a mono symbol file
Symbol file LoadedFromMemory is not a mono symbol file
Symbol file LoadedFromMemory is not a mono symbol file
Symbol file LoadedFromMemory is not a mono symbol file
Symbol file LoadedFromMemory is not a mono symbol file
Symbol file LoadedFromMemory is not a mono symbol file
Symbol file LoadedFromMemory is not a mono symbol file
Symbol file LoadedFromMemory is not a mono symbol file
Symbol file LoadedFromMemory is not a mono symbol file
Symbol file LoadedFromMemory is not a mono symbol file
Symbol file LoadedFromMemory is not a mono symbol file
Symbol file LoadedFromMemory is not a mono symbol file
Symbol file LoadedFromMemory is not a mono symbol file
Symbol file LoadedFromMemory is not a mono symbol file
Symbol file LoadedFromMemory is not a mono symbol file
Symbol file LoadedFromMemory is not a mono symbol file
Symbol file LoadedFromMemory is not a mono symbol file
Symbol file LoadedFromMemory is not a mono symbol file
Symbol file LoadedFromMemory is not a mono symbol file
Symbol file LoadedFromMemory is not a mono symbol file
Symbol file LoadedFromMemory is not a mono symbol file
Symbol file LoadedFromMemory is not a mono symbol file
Symbol file LoadedFromMemory is not a mono symbol file
Symbol file LoadedFromMemory is not a mono symbol file
Symbol file LoadedFromMemory is not a mono symbol file
Symbol file LoadedFromMemory is not a mono symbol file
Symbol file LoadedFromMemory is not a mono symbol file
Symbol file LoadedFromMemory is not a mono symbol file
Symbol file LoadedFromMemory is not a mono symbol file
Symbol file LoadedFromMemory is not a mono symbol file
Symbol file LoadedFromMemory is not a mono symbol file
Symbol file LoadedFromMemory is not a mono symbol file
Symbol file LoadedFromMemory is not a mono symbol file
Symbol file LoadedFromMemory is not a mono symbol file
Symbol file LoadedFromMemory is not a mono symbol file
Symbol file LoadedFromMemory is not a mono symbol file
Symbol file LoadedFromMemory is not a mono symbol file
Symbol file LoadedFromMemory is not a mono symbol file
Symbol file LoadedFromMemory is not a mono symbol file
Symbol file LoadedFromMemory is not a mono symbol file
Failed loading assembly 'Assets/Dependencies/System.IO.Compression.FileSystem.dll' reason: File does not contain a valid CIL image
Loading assembly failed: "Assets/Dependencies/System.IO.Compression.FileSystem.dll" reason: File does not contain a valid CIL image

Symbol file LoadedFromMemory is not a mono symbol file
Symbol file LoadedFromMemory is not a mono symbol file
Failed loading assembly 'Assets/Dependencies/System.IO.Compression.dll' reason: File does not contain a valid CIL image
Loading assembly failed: "Assets/Dependencies/System.IO.Compression.dll" reason: File does not contain a valid CIL image

Symbol file LoadedFromMemory is not a mono symbol file
Symbol file LoadedFromMemory is not a mono symbol file
Symbol file LoadedFromMemory is not a mono symbol file
Symbol file LoadedFromMemory is not a mono symbol file
Symbol file LoadedFromMemory is not a mono symbol file
Symbol file LoadedFromMemory is not a mono symbol file
Symbol file LoadedFromMemory is not a mono symbol file
Symbol file LoadedFromMemory is not a mono symbol file
Symbol file LoadedFromMemory is not a mono symbol file
Symbol file LoadedFromMemory is not a mono symbol file
Symbol file LoadedFromMemory is not a mono symbol file
Symbol file LoadedFromMemory is not a mono symbol file
Symbol file LoadedFromMemory is not a mono symbol file
Symbol file LoadedFromMemory is not a mono symbol file
Symbol file LoadedFromMemory is not a mono symbol file
Symbol file LoadedFromMemory is not a mono symbol file
Symbol file LoadedFromMemory is not a mono symbol file
Symbol file LoadedFromMemory is not a mono symbol file
Symbol file LoadedFromMemory is not a mono symbol file
Symbol file LoadedFromMemory is not a mono symbol file
Symbol file LoadedFromMemory is not a mono symbol file
Symbol file LoadedFromMemory is not a mono symbol file
Symbol file LoadedFromMemory is not a mono symbol file
Symbol file LoadedFromMemory is not a mono symbol file
Symbol file LoadedFromMemory is not a mono symbol file
Symbol file LoadedFromMemory is not a mono symbol file
Symbol file LoadedFromMemory is not a mono symbol file
Symbol file LoadedFromMemory is not a mono symbol file
Error: Could not load signature of ProjectXyz.Plugins.Features.Enchantments.Generation.BaseEnchantmentGenerator:.ctor due to: Could not load file or assembly 'NexusLabs.Framework, Version=0.0.5.0, Culture=neutral, PublicKeyToken=null' or one of its dependencies. assembly:NexusLabs.Framework, Version=0.0.5.0, Culture=neutral, PublicKeyToken=null type:<unknown type> member:(null) signature:<none>

Error: Could not load signature of ProjectXyz.Plugins.Framework.NexusLabs.NexusModule+<>c:<SafeLoad>b__0_0 due to: Could not load file or assembly 'NexusLabs.Framework, Version=0.0.5.0, Culture=neutral, PublicKeyToken=null' or one of its dependencies. assembly:NexusLabs.Framework, Version=0.0.5.0, Culture=neutral, PublicKeyToken=null type:<unknown type> member:(null) signature:<none>

Error: Could not load signature of Macerus.Plugins.Content.Wip.Enchantments.RandomRangeExpressionGeneratorComponentToBehaviorConverter:.ctor due to: Could not load file or assembly 'NexusLabs.Framework, Version=0.0.5.0, Culture=neutral, PublicKeyToken=null' or one of its dependencies. assembly:NexusLabs.Framework, Version=0.0.5.0, Culture=neutral, PublicKeyToken=null type:<unknown type> member:(null) signature:<none>

Error: Could not load signature of ProjectXyz.Plugins.Data.Newtonsoft.NewtonsoftJsonRecursiveSerialization:.ctor due to: Could not load file or assembly 'NexusLabs.Framework, Version=0.0.5.0, Culture=neutral, PublicKeyToken=null' or one of its dependencies. assembly:NexusLabs.Framework, Version=0.0.5.0, Culture=neutral, PublicKeyToken=null type:<unknown type> member:(null) signature:<none>

Error: Could not load signature of ProjectXyz.Api.Framework.Collections.EnumerableExtensions:Random due to: Could not load file or assembly 'NexusLabs.Framework, Version=0.0.5.0, Culture=neutral, PublicKeyToken=null' or one of its dependencies. assembly:NexusLabs.Framework, Version=0.0.5.0, Culture=neutral, PublicKeyToken=null type:<unknown type> member:(null) signature:<none>

Error: Could not load signature of ProjectXyz.Plugins.Features.GameObjects.Items.Generation.BaseItemGenerator:.ctor due to: Could not load file or assembly 'NexusLabs.Framework, Version=0.0.5.0, Culture=neutral, PublicKeyToken=null' or one of its dependencies. assembly:NexusLabs.Framework, Version=0.0.5.0, Culture=neutral, PublicKeyToken=null type:<unknown type> member:(null) signature:<none>

Error: Could not load signature of Macerus.Plugins.Features.GameObjects.Items.Generation.Magic.MagicItemNameGenerator:.ctor due to: Could not load file or assembly 'NexusLabs.Framework, Version=0.0.5.0, Culture=neutral, PublicKeyToken=null' or one of its dependencies. assembly:NexusLabs.Framework, Version=0.0.5.0, Culture=neutral, PublicKeyToken=null type:<unknown type> member:(null) signature:<none>

Error: Could not load signature of ProjectXyz.Plugins.Features.GameObjects.Items.Generation.InMemory.ItemGeneratorFacade:.ctor due to: Could not load file or assembly 'NexusLabs.Framework, Version=0.0.5.0, Culture=neutral, PublicKeyToken=null' or one of its dependencies. assembly:NexusLabs.Framework, Version=0.0.5.0, Culture=neutral, PublicKeyToken=null type:<unknown type> member:(null) signature:<none>

Unloading broken assembly Assets/Plugins/ProjectXyz.Plugins.Features.Enchantments.Generation.dll, this assembly can cause crashes in the runtime

Unloading broken assembly Assets/Plugins/ProjectXyz.Plugins.Framework.NexusLabs.dll, this assembly can cause crashes in the runtime

Unloading broken assembly Assets/Plugins/Macerus.Plugins.Content.Wip.dll, this assembly can cause crashes in the runtime

Unloading broken assembly Assets/Plugins/ProjectXyz.Plugins.Data.Newtonsoft.dll, this assembly can cause crashes in the runtime

Unloading broken assembly Assets/Plugins/ProjectXyz.Api.Framework.dll, this assembly can cause crashes in the runtime

Unloading broken assembly Assets/Plugins/ProjectXyz.Plugins.Features.GameObjects.Items.Generation.dll, this assembly can cause crashes in the runtime

Unloading broken assembly Assets/Plugins/Macerus.Plugins.Features.GameObjects.Items.Generation.Magic.dll, this assembly can cause crashes in the runtime

Unloading broken assembly Assets/Plugins/ProjectXyz.Plugins.Features.GameObjects.Items.Generation.InMemory.dll, this assembly can cause crashes in the runtime

Native extension for WindowsStandalone target not found
Refreshing native plugins compatible for Editor in 2.15 ms, found 0 plugins.
Preloading 0 native plugins for Editor in 0.00 ms.
Invoked RoslynAnalysisRunner static constructor.
RoslynAnalysisRunner will not be running.
RoslynAnalysisRunner has terminated.
Mono: successfully reloaded assembly
- Completed reload, in  1.431 seconds
Platform modules already initialized, skipping
Assertion failed on expression: 'reloadOk'

Refreshing native plugins compatible for Editor in 3.00 ms, found 0 plugins.
Preloading 0 native plugins for Editor in 0.00 ms.
Unloading 1775 Unused Serialized files (Serialized files now loaded: 0)
System memory in use before: 74.1 MB.
System memory in use after: 74.2 MB.

Unloading 125 unused Assets to reduce memory usage. Loaded Objects now: 2125.
Total: 3.433000 ms (FindLiveObjects: 0.559300 ms CreateObjectMapping: 0.128600 ms MarkObjects: 2.634300 ms  DeleteObjects: 0.108900 ms)

========================================================================
Received Prepare
Registering precompiled user dll's ...
Registered in 0.077359 seconds.
Begin MonoManager ReloadAssembly
Symbol file LoadedFromMemory is not a mono symbol file
Symbol file LoadedFromMemory is not a mono symbol file
Symbol file LoadedFromMemory is not a mono symbol file
Symbol file LoadedFromMemory is not a mono symbol file
Symbol file LoadedFromMemory is not a mono symbol file
Symbol file LoadedFromMemory is not a mono symbol file
Symbol file LoadedFromMemory is not a mono symbol file
Symbol file LoadedFromMemory is not a mono symbol file
Symbol file LoadedFromMemory is not a mono symbol file
Symbol file LoadedFromMemory is not a mono symbol file
Symbol file LoadedFromMemory is not a mono symbol file
Symbol file LoadedFromMemory is not a mono symbol file
Symbol file LoadedFromMemory is not a mono symbol file
Symbol file LoadedFromMemory is not a mono symbol file
Symbol file LoadedFromMemory is not a mono symbol file
Symbol file LoadedFromMemory is not a mono symbol file
Symbol file LoadedFromMemory is not a mono symbol file
Symbol file LoadedFromMemory is not a mono symbol file
Symbol file LoadedFromMemory is not a mono symbol file
Symbol file LoadedFromMemory is not a mono symbol file
Symbol file LoadedFromMemory is not a mono symbol file
Symbol file LoadedFromMemory is not a mono symbol file
Symbol file LoadedFromMemory is not a mono symbol file
Symbol file LoadedFromMemory is not a mono symbol file
Symbol file LoadedFromMemory is not a mono symbol file
Symbol file LoadedFromMemory is not a mono symbol file
Symbol file LoadedFromMemory is not a mono symbol file
Symbol file LoadedFromMemory is not a mono symbol file
Symbol file LoadedFromMemory is not a mono symbol file
Symbol file LoadedFromMemory is not a mono symbol file
Symbol file LoadedFromMemory is not a mono symbol file
Symbol file LoadedFromMemory is not a mono symbol file
Symbol file LoadedFromMemory is not a mono symbol file
Symbol file LoadedFromMemory is not a mono symbol file
Symbol file LoadedFromMemory is not a mono symbol file
Symbol file LoadedFromMemory is not a mono symbol file
Symbol file LoadedFromMemory is not a mono symbol file
Symbol file LoadedFromMemory is not a mono symbol file
Symbol file LoadedFromMemory is not a mono symbol file
Symbol file LoadedFromMemory is not a mono symbol file
Symbol file LoadedFromMemory is not a mono symbol file
Symbol file LoadedFromMemory is not a mono symbol file
Symbol file LoadedFromMemory is not a mono symbol file
Symbol file LoadedFromMemory is not a mono symbol file
Symbol file LoadedFromMemory is not a mono symbol file
Symbol file LoadedFromMemory is not a mono symbol file
Symbol file LoadedFromMemory is not a mono symbol file
Symbol file LoadedFromMemory is not a mono symbol file
Symbol file LoadedFromMemory is not a mono symbol file
Symbol file LoadedFromMemory is not a mono symbol file
Symbol file LoadedFromMemory is not a mono symbol file
Symbol file LoadedFromMemory is not a mono symbol file
Symbol file LoadedFromMemory is not a mono symbol file
Symbol file LoadedFromMemory is not a mono symbol file
Symbol file LoadedFromMemory is not a mono symbol file
Failed loading assembly 'Assets/Dependencies/System.IO.Compression.FileSystem.dll' reason: File does not contain a valid CIL image
Loading assembly failed: "Assets/Dependencies/System.IO.Compression.FileSystem.dll" reason: File does not contain a valid CIL image

Symbol file LoadedFromMemory is not a mono symbol file
Symbol file LoadedFromMemory is not a mono symbol file
Failed loading assembly 'Assets/Dependencies/System.IO.Compression.dll' reason: File does not contain a valid CIL image
Loading assembly failed: "Assets/Dependencies/System.IO.Compression.dll" reason: File does not contain a valid CIL image

Symbol file LoadedFromMemory is not a mono symbol file
Symbol file LoadedFromMemory is not a mono symbol file
Symbol file LoadedFromMemory is not a mono symbol file
Symbol file LoadedFromMemory is not a mono symbol file
Symbol file LoadedFromMemory is not a mono symbol file
Symbol file LoadedFromMemory is not a mono symbol file
Symbol file LoadedFromMemory is not a mono symbol file
Symbol file LoadedFromMemory is not a mono symbol file
Symbol file LoadedFromMemory is not a mono symbol file
Symbol file LoadedFromMemory is not a mono symbol file
Symbol file LoadedFromMemory is not a mono symbol file
Symbol file LoadedFromMemory is not a mono symbol file
Symbol file LoadedFromMemory is not a mono symbol file
Symbol file LoadedFromMemory is not a mono symbol file
Symbol file LoadedFromMemory is not a mono symbol file
Symbol file LoadedFromMemory is not a mono symbol file
Symbol file LoadedFromMemory is not a mono symbol file
Symbol file LoadedFromMemory is not a mono symbol file
Symbol file LoadedFromMemory is not a mono symbol file
Symbol file LoadedFromMemory is not a mono symbol file
Symbol file LoadedFromMemory is not a mono symbol file
Symbol file LoadedFromMemory is not a mono symbol file
Symbol file LoadedFromMemory is not a mono symbol file
Symbol file LoadedFromMemory is not a mono symbol file
Symbol file LoadedFromMemory is not a mono symbol file
Symbol file LoadedFromMemory is not a mono symbol file
Symbol file LoadedFromMemory is not a mono symbol file
Symbol file LoadedFromMemory is not a mono symbol file
Error: Could not load signature of ProjectXyz.Plugins.Features.Enchantments.Generation.BaseEnchantmentGenerator:.ctor due to: Could not load file or assembly 'NexusLabs.Framework, Version=0.0.5.0, Culture=neutral, PublicKeyToken=null' or one of its dependencies. assembly:NexusLabs.Framework, Version=0.0.5.0, Culture=neutral, PublicKeyToken=null type:<unknown type> member:(null) signature:<none>

Error: Could not load signature of ProjectXyz.Plugins.Framework.NexusLabs.NexusModule+<>c:<SafeLoad>b__0_0 due to: Could not load file or assembly 'NexusLabs.Framework, Version=0.0.5.0, Culture=neutral, PublicKeyToken=null' or one of its dependencies. assembly:NexusLabs.Framework, Version=0.0.5.0, Culture=neutral, PublicKeyToken=null type:<unknown type> member:(null) signature:<none>

Error: Could not load signature of Macerus.Plugins.Content.Wip.Enchantments.RandomRangeExpressionGeneratorComponentToBehaviorConverter:.ctor due to: Could not load file or assembly 'NexusLabs.Framework, Version=0.0.5.0, Culture=neutral, PublicKeyToken=null' or one of its dependencies. assembly:NexusLabs.Framework, Version=0.0.5.0, Culture=neutral, PublicKeyToken=null type:<unknown type> member:(null) signature:<none>

Error: Could not load signature of ProjectXyz.Plugins.Data.Newtonsoft.NewtonsoftJsonRecursiveSerialization:.ctor due to: Could not load file or assembly 'NexusLabs.Framework, Version=0.0.5.0, Culture=neutral, PublicKeyToken=null' or one of its dependencies. assembly:NexusLabs.Framework, Version=0.0.5.0, Culture=neutral, PublicKeyToken=null type:<unknown type> member:(null) signature:<none>

Error: Could not load signature of ProjectXyz.Api.Framework.Collections.EnumerableExtensions:Random due to: Could not load file or assembly 'NexusLabs.Framework, Version=0.0.5.0, Culture=neutral, PublicKeyToken=null' or one of its dependencies. assembly:NexusLabs.Framework, Version=0.0.5.0, Culture=neutral, PublicKeyToken=null type:<unknown type> member:(null) signature:<none>

Error: Could not load signature of ProjectXyz.Plugins.Features.GameObjects.Items.Generation.BaseItemGenerator:.ctor due to: Could not load file or assembly 'NexusLabs.Framework, Version=0.0.5.0, Culture=neutral, PublicKeyToken=null' or one of its dependencies. assembly:NexusLabs.Framework, Version=0.0.5.0, Culture=neutral, PublicKeyToken=null type:<unknown type> member:(null) signature:<none>

Error: Could not load signature of Macerus.Plugins.Features.GameObjects.Items.Generation.Magic.MagicItemNameGenerator:.ctor due to: Could not load file or assembly 'NexusLabs.Framework, Version=0.0.5.0, Culture=neutral, PublicKeyToken=null' or one of its dependencies. assembly:NexusLabs.Framework, Version=0.0.5.0, Culture=neutral, PublicKeyToken=null type:<unknown type> member:(null) signature:<none>

Error: Could not load signature of ProjectXyz.Plugins.Features.GameObjects.Items.Generation.InMemory.ItemGeneratorFacade:.ctor due to: Could not load file or assembly 'NexusLabs.Framework, Version=0.0.5.0, Culture=neutral, PublicKeyToken=null' or one of its dependencies. assembly:NexusLabs.Framework, Version=0.0.5.0, Culture=neutral, PublicKeyToken=null type:<unknown type> member:(null) signature:<none>

Unloading broken assembly Assets/Plugins/ProjectXyz.Plugins.Features.Enchantments.Generation.dll, this assembly can cause crashes in the runtime

Unloading broken assembly Assets/Plugins/ProjectXyz.Plugins.Framework.NexusLabs.dll, this assembly can cause crashes in the runtime

Unloading broken assembly Assets/Plugins/Macerus.Plugins.Content.Wip.dll, this assembly can cause crashes in the runtime

Unloading broken assembly Assets/Plugins/ProjectXyz.Plugins.Data.Newtonsoft.dll, this assembly can cause crashes in the runtime

Unloading broken assembly Assets/Plugins/ProjectXyz.Api.Framework.dll, this assembly can cause crashes in the runtime

Unloading broken assembly Assets/Plugins/ProjectXyz.Plugins.Features.GameObjects.Items.Generation.dll, this assembly can cause crashes in the runtime

Unloading broken assembly Assets/Plugins/Macerus.Plugins.Features.GameObjects.Items.Generation.Magic.dll, this assembly can cause crashes in the runtime

Unloading broken assembly Assets/Plugins/ProjectXyz.Plugins.Features.GameObjects.Items.Generation.InMemory.dll, this assembly can cause crashes in the runtime

Native extension for WindowsStandalone target not found
Refreshing native plugins compatible for Editor in 1.21 ms, found 0 plugins.
Preloading 0 native plugins for Editor in 0.00 ms.
Invoked RoslynAnalysisRunner static constructor.
RoslynAnalysisRunner will not be running.
RoslynAnalysisRunner has terminated.
Mono: successfully reloaded assembly
- Completed reload, in  1.368 seconds
Platform modules already initialized, skipping
Assertion failed on expression: 'reloadOk'

Refreshing native plugins compatible for Editor in 1.29 ms, found 0 plugins.
Preloading 0 native plugins for Editor in 0.00 ms.
Unloading 1775 Unused Serialized files (Serialized files now loaded: 0)
System memory in use before: 74.2 MB.
System memory in use after: 74.3 MB.

Unloading 125 unused Assets to reduce memory usage. Loaded Objects now: 2127.
Total: 2.524200 ms (FindLiveObjects: 0.249600 ms CreateObjectMapping: 0.090200 ms MarkObjects: 2.123500 ms  DeleteObjects: 0.059700 ms)

========================================================================
Received Prepare
Registering precompiled user dll's ...
Registered in 0.061537 seconds.
Begin MonoManager ReloadAssembly
Symbol file LoadedFromMemory is not a mono symbol file
Symbol file LoadedFromMemory is not a mono symbol file
Symbol file LoadedFromMemory is not a mono symbol file
Symbol file LoadedFromMemory is not a mono symbol file
Symbol file LoadedFromMemory is not a mono symbol file
Symbol file LoadedFromMemory is not a mono symbol file
Symbol file LoadedFromMemory is not a mono symbol file
Symbol file LoadedFromMemory is not a mono symbol file
Symbol file LoadedFromMemory is not a mono symbol file
Symbol file LoadedFromMemory is not a mono symbol file
Symbol file LoadedFromMemory is not a mono symbol file
Symbol file LoadedFromMemory is not a mono symbol file
Symbol file LoadedFromMemory is not a mono symbol file
Symbol file LoadedFromMemory is not a mono symbol file
Symbol file LoadedFromMemory is not a mono symbol file
Symbol file LoadedFromMemory is not a mono symbol file
Symbol file LoadedFromMemory is not a mono symbol file
Symbol file LoadedFromMemory is not a mono symbol file
Symbol file LoadedFromMemory is not a mono symbol file
Symbol file LoadedFromMemory is not a mono symbol file
Symbol file LoadedFromMemory is not a mono symbol file
Symbol file LoadedFromMemory is not a mono symbol file
Symbol file LoadedFromMemory is not a mono symbol file
Symbol file LoadedFromMemory is not a mono symbol file
Symbol file LoadedFromMemory is not a mono symbol file
Symbol file LoadedFromMemory is not a mono symbol file
Symbol file LoadedFromMemory is not a mono symbol file
Symbol file LoadedFromMemory is not a mono symbol file
Symbol file LoadedFromMemory is not a mono symbol file
Symbol file LoadedFromMemory is not a mono symbol file
Symbol file LoadedFromMemory is not a mono symbol file
Symbol file LoadedFromMemory is not a mono symbol file
Symbol file LoadedFromMemory is not a mono symbol file
Symbol file LoadedFromMemory is not a mono symbol file
Symbol file LoadedFromMemory is not a mono symbol file
Symbol file LoadedFromMemory is not a mono symbol file
Symbol file LoadedFromMemory is not a mono symbol file
Symbol file LoadedFromMemory is not a mono symbol file
Symbol file LoadedFromMemory is not a mono symbol file
Symbol file LoadedFromMemory is not a mono symbol file
Symbol file LoadedFromMemory is not a mono symbol file
Symbol file LoadedFromMemory is not a mono symbol file
Symbol file LoadedFromMemory is not a mono symbol file
Symbol file LoadedFromMemory is not a mono symbol file
Symbol file LoadedFromMemory is not a mono symbol file
Symbol file LoadedFromMemory is not a mono symbol file
Symbol file LoadedFromMemory is not a mono symbol file
Symbol file LoadedFromMemory is not a mono symbol file
Symbol file LoadedFromMemory is not a mono symbol file
Symbol file LoadedFromMemory is not a mono symbol file
Symbol file LoadedFromMemory is not a mono symbol file
Symbol file LoadedFromMemory is not a mono symbol file
Symbol file LoadedFromMemory is not a mono symbol file
Symbol file LoadedFromMemory is not a mono symbol file
Symbol file LoadedFromMemory is not a mono symbol file
Failed loading assembly 'Assets/Dependencies/System.IO.Compression.FileSystem.dll' reason: File does not contain a valid CIL image
Loading assembly failed: "Assets/Dependencies/System.IO.Compression.FileSystem.dll" reason: File does not contain a valid CIL image

Symbol file LoadedFromMemory is not a mono symbol file
Symbol file LoadedFromMemory is not a mono symbol file
Failed loading assembly 'Assets/Dependencies/System.IO.Compression.dll' reason: File does not contain a valid CIL image
Loading assembly failed: "Assets/Dependencies/System.IO.Compression.dll" reason: File does not contain a valid CIL image

Symbol file LoadedFromMemory is not a mono symbol file
Symbol file LoadedFromMemory is not a mono symbol file
Symbol file LoadedFromMemory is not a mono symbol file
Symbol file LoadedFromMemory is not a mono symbol file
Symbol file LoadedFromMemory is not a mono symbol file
Symbol file LoadedFromMemory is not a mono symbol file
Symbol file LoadedFromMemory is not a mono symbol file
Symbol file LoadedFromMemory is not a mono symbol file
Symbol file LoadedFromMemory is not a mono symbol file
Symbol file LoadedFromMemory is not a mono symbol file
Symbol file LoadedFromMemory is not a mono symbol file
Symbol file LoadedFromMemory is not a mono symbol file
Symbol file LoadedFromMemory is not a mono symbol file
Symbol file LoadedFromMemory is not a mono symbol file
Symbol file LoadedFromMemory is not a mono symbol file
Symbol file LoadedFromMemory is not a mono symbol file
Symbol file LoadedFromMemory is not a mono symbol file
Symbol file LoadedFromMemory is not a mono symbol file
Symbol file LoadedFromMemory is not a mono symbol file
Symbol file LoadedFromMemory is not a mono symbol file
Symbol file LoadedFromMemory is not a mono symbol file
Symbol file LoadedFromMemory is not a mono symbol file
Symbol file LoadedFromMemory is not a mono symbol file
Symbol file LoadedFromMemory is not a mono symbol file
Symbol file LoadedFromMemory is not a mono symbol file
Symbol file LoadedFromMemory is not a mono symbol file
Symbol file LoadedFromMemory is not a mono symbol file
Symbol file LoadedFromMemory is not a mono symbol file
Error: Could not load signature of ProjectXyz.Plugins.Features.Enchantments.Generation.BaseEnchantmentGenerator:.ctor due to: Could not load file or assembly 'NexusLabs.Framework, Version=0.0.5.0, Culture=neutral, PublicKeyToken=null' or one of its dependencies. assembly:NexusLabs.Framework, Version=0.0.5.0, Culture=neutral, PublicKeyToken=null type:<unknown type> member:(null) signature:<none>

Error: Could not load signature of ProjectXyz.Plugins.Framework.NexusLabs.NexusModule+<>c:<SafeLoad>b__0_0 due to: Could not load file or assembly 'NexusLabs.Framework, Version=0.0.5.0, Culture=neutral, PublicKeyToken=null' or one of its dependencies. assembly:NexusLabs.Framework, Version=0.0.5.0, Culture=neutral, PublicKeyToken=null type:<unknown type> member:(null) signature:<none>

Error: Could not load signature of Macerus.Plugins.Content.Wip.Enchantments.RandomRangeExpressionGeneratorComponentToBehaviorConverter:.ctor due to: Could not load file or assembly 'NexusLabs.Framework, Version=0.0.5.0, Culture=neutral, PublicKeyToken=null' or one of its dependencies. assembly:NexusLabs.Framework, Version=0.0.5.0, Culture=neutral, PublicKeyToken=null type:<unknown type> member:(null) signature:<none>

Error: Could not load signature of ProjectXyz.Plugins.Data.Newtonsoft.NewtonsoftJsonRecursiveSerialization:.ctor due to: Could not load file or assembly 'NexusLabs.Framework, Version=0.0.5.0, Culture=neutral, PublicKeyToken=null' or one of its dependencies. assembly:NexusLabs.Framework, Version=0.0.5.0, Culture=neutral, PublicKeyToken=null type:<unknown type> member:(null) signature:<none>

Error: Could not load signature of ProjectXyz.Api.Framework.Collections.EnumerableExtensions:Random due to: Could not load file or assembly 'NexusLabs.Framework, Version=0.0.5.0, Culture=neutral, PublicKeyToken=null' or one of its dependencies. assembly:NexusLabs.Framework, Version=0.0.5.0, Culture=neutral, PublicKeyToken=null type:<unknown type> member:(null) signature:<none>

Error: Could not load signature of ProjectXyz.Plugins.Features.GameObjects.Items.Generation.BaseItemGenerator:.ctor due to: Could not load file or assembly 'NexusLabs.Framework, Version=0.0.5.0, Culture=neutral, PublicKeyToken=null' or one of its dependencies. assembly:NexusLabs.Framework, Version=0.0.5.0, Culture=neutral, PublicKeyToken=null type:<unknown type> member:(null) signature:<none>

Error: Could not load signature of Macerus.Plugins.Features.GameObjects.Items.Generation.Magic.MagicItemNameGenerator:.ctor due to: Could not load file or assembly 'NexusLabs.Framework, Version=0.0.5.0, Culture=neutral, PublicKeyToken=null' or one of its dependencies. assembly:NexusLabs.Framework, Version=0.0.5.0, Culture=neutral, PublicKeyToken=null type:<unknown type> member:(null) signature:<none>

Error: Could not load signature of ProjectXyz.Plugins.Features.GameObjects.Items.Generation.InMemory.ItemGeneratorFacade:.ctor due to: Could not load file or assembly 'NexusLabs.Framework, Version=0.0.5.0, Culture=neutral, PublicKeyToken=null' or one of its dependencies. assembly:NexusLabs.Framework, Version=0.0.5.0, Culture=neutral, PublicKeyToken=null type:<unknown type> member:(null) signature:<none>

Unloading broken assembly Assets/Plugins/ProjectXyz.Plugins.Features.Enchantments.Generation.dll, this assembly can cause crashes in the runtime

Unloading broken assembly Assets/Plugins/ProjectXyz.Plugins.Framework.NexusLabs.dll, this assembly can cause crashes in the runtime

Unloading broken assembly Assets/Plugins/Macerus.Plugins.Content.Wip.dll, this assembly can cause crashes in the runtime

Unloading broken assembly Assets/Plugins/ProjectXyz.Plugins.Data.Newtonsoft.dll, this assembly can cause crashes in the runtime

Unloading broken assembly Assets/Plugins/ProjectXyz.Api.Framework.dll, this assembly can cause crashes in the runtime

Unloading broken assembly Assets/Plugins/ProjectXyz.Plugins.Features.GameObjects.Items.Generation.dll, this assembly can cause crashes in the runtime

Unloading broken assembly Assets/Plugins/Macerus.Plugins.Features.GameObjects.Items.Generation.Magic.dll, this assembly can cause crashes in the runtime

Unloading broken assembly Assets/Plugins/ProjectXyz.Plugins.Features.GameObjects.Items.Generation.InMemory.dll, this assembly can cause crashes in the runtime

Native extension for WindowsStandalone target not found
Refreshing native plugins compatible for Editor in 1.22 ms, found 0 plugins.
Preloading 0 native plugins for Editor in 0.00 ms.
Invoked RoslynAnalysisRunner static constructor.
RoslynAnalysisRunner will not be running.
RoslynAnalysisRunner has terminated.
Mono: successfully reloaded assembly
- Completed reload, in  1.755 seconds
Platform modules already initialized, skipping
Assertion failed on expression: 'reloadOk'

Refreshing native plugins compatible for Editor in 1.22 ms, found 0 plugins.
Preloading 0 native plugins for Editor in 0.00 ms.
Unloading 1775 Unused Serialized files (Serialized files now loaded: 0)
System memory in use before: 74.2 MB.
System memory in use after: 74.3 MB.

Unloading 125 unused Assets to reduce memory usage. Loaded Objects now: 2129.
Total: 2.352600 ms (FindLiveObjects: 0.288400 ms CreateObjectMapping: 0.101900 ms MarkObjects: 1.899000 ms  DeleteObjects: 0.061700 ms)

========================================================================
Received Prepare
Registering precompiled user dll's ...
Registered in 0.065720 seconds.
Begin MonoManager ReloadAssembly
Symbol file LoadedFromMemory is not a mono symbol file
Symbol file LoadedFromMemory is not a mono symbol file
Symbol file LoadedFromMemory is not a mono symbol file
Symbol file LoadedFromMemory is not a mono symbol file
Symbol file LoadedFromMemory is not a mono symbol file
Symbol file LoadedFromMemory is not a mono symbol file
Symbol file LoadedFromMemory is not a mono symbol file
Symbol file LoadedFromMemory is not a mono symbol file
Symbol file LoadedFromMemory is not a mono symbol file
Symbol file LoadedFromMemory is not a mono symbol file
Symbol file LoadedFromMemory is not a mono symbol file
Symbol file LoadedFromMemory is not a mono symbol file
Symbol file LoadedFromMemory is not a mono symbol file
Symbol file LoadedFromMemory is not a mono symbol file
Symbol file LoadedFromMemory is not a mono symbol file
Symbol file LoadedFromMemory is not a mono symbol file
Symbol file LoadedFromMemory is not a mono symbol file
Symbol file LoadedFromMemory is not a mono symbol file
Symbol file LoadedFromMemory is not a mono symbol file
Symbol file LoadedFromMemory is not a mono symbol file
Symbol file LoadedFromMemory is not a mono symbol file
Symbol file LoadedFromMemory is not a mono symbol file
Symbol file LoadedFromMemory is not a mono symbol file
Symbol file LoadedFromMemory is not a mono symbol file
Symbol file LoadedFromMemory is not a mono symbol file
Symbol file LoadedFromMemory is not a mono symbol file
Symbol file LoadedFromMemory is not a mono symbol file
Symbol file LoadedFromMemory is not a mono symbol file
Symbol file LoadedFromMemory is not a mono symbol file
Symbol file LoadedFromMemory is not a mono symbol file
Symbol file LoadedFromMemory is not a mono symbol file
Symbol file LoadedFromMemory is not a mono symbol file
Symbol file LoadedFromMemory is not a mono symbol file
Symbol file LoadedFromMemory is not a mono symbol file
Symbol file LoadedFromMemory is not a mono symbol file
Symbol file LoadedFromMemory is not a mono symbol file
Symbol file LoadedFromMemory is not a mono symbol file
Symbol file LoadedFromMemory is not a mono symbol file
Symbol file LoadedFromMemory is not a mono symbol file
Symbol file LoadedFromMemory is not a mono symbol file
Symbol file LoadedFromMemory is not a mono symbol file
Symbol file LoadedFromMemory is not a mono symbol file
Symbol file LoadedFromMemory is not a mono symbol file
Symbol file LoadedFromMemory is not a mono symbol file
Symbol file LoadedFromMemory is not a mono symbol file
Symbol file LoadedFromMemory is not a mono symbol file
Symbol file LoadedFromMemory is not a mono symbol file
Symbol file LoadedFromMemory is not a mono symbol file
Symbol file LoadedFromMemory is not a mono symbol file
Symbol file LoadedFromMemory is not a mono symbol file
Symbol file LoadedFromMemory is not a mono symbol file
Symbol file LoadedFromMemory is not a mono symbol file
Symbol file LoadedFromMemory is not a mono symbol file
Symbol file LoadedFromMemory is not a mono symbol file
Symbol file LoadedFromMemory is not a mono symbol file
Failed loading assembly 'Assets/Dependencies/System.IO.Compression.FileSystem.dll' reason: File does not contain a valid CIL image
Loading assembly failed: "Assets/Dependencies/System.IO.Compression.FileSystem.dll" reason: File does not contain a valid CIL image

Symbol file LoadedFromMemory is not a mono symbol file
Symbol file LoadedFromMemory is not a mono symbol file
Failed loading assembly 'Assets/Dependencies/System.IO.Compression.dll' reason: File does not contain a valid CIL image
Loading assembly failed: "Assets/Dependencies/System.IO.Compression.dll" reason: File does not contain a valid CIL image

Symbol file LoadedFromMemory is not a mono symbol file
Symbol file LoadedFromMemory is not a mono symbol file
Symbol file LoadedFromMemory is not a mono symbol file
Symbol file LoadedFromMemory is not a mono symbol file
Symbol file LoadedFromMemory is not a mono symbol file
Symbol file LoadedFromMemory is not a mono symbol file
Symbol file LoadedFromMemory is not a mono symbol file
Symbol file LoadedFromMemory is not a mono symbol file
Symbol file LoadedFromMemory is not a mono symbol file
Symbol file LoadedFromMemory is not a mono symbol file
Symbol file LoadedFromMemory is not a mono symbol file
Symbol file LoadedFromMemory is not a mono symbol file
Symbol file LoadedFromMemory is not a mono symbol file
Symbol file LoadedFromMemory is not a mono symbol file
Symbol file LoadedFromMemory is not a mono symbol file
Symbol file LoadedFromMemory is not a mono symbol file
Symbol file LoadedFromMemory is not a mono symbol file
Symbol file LoadedFromMemory is not a mono symbol file
Symbol file LoadedFromMemory is not a mono symbol file
Symbol file LoadedFromMemory is not a mono symbol file
Symbol file LoadedFromMemory is not a mono symbol file
Symbol file LoadedFromMemory is not a mono symbol file
Symbol file LoadedFromMemory is not a mono symbol file
Symbol file LoadedFromMemory is not a mono symbol file
Symbol file LoadedFromMemory is not a mono symbol file
Symbol file LoadedFromMemory is not a mono symbol file
Symbol file LoadedFromMemory is not a mono symbol file
Symbol file LoadedFromMemory is not a mono symbol file
Error: Could not load signature of ProjectXyz.Plugins.Features.Enchantments.Generation.BaseEnchantmentGenerator:.ctor due to: Could not load file or assembly 'NexusLabs.Framework, Version=0.0.5.0, Culture=neutral, PublicKeyToken=null' or one of its dependencies. assembly:NexusLabs.Framework, Version=0.0.5.0, Culture=neutral, PublicKeyToken=null type:<unknown type> member:(null) signature:<none>

Error: Could not load signature of ProjectXyz.Plugins.Framework.NexusLabs.NexusModule+<>c:<SafeLoad>b__0_0 due to: Could not load file or assembly 'NexusLabs.Framework, Version=0.0.5.0, Culture=neutral, PublicKeyToken=null' or one of its dependencies. assembly:NexusLabs.Framework, Version=0.0.5.0, Culture=neutral, PublicKeyToken=null type:<unknown type> member:(null) signature:<none>

Error: Could not load signature of Macerus.Plugins.Content.Wip.Enchantments.RandomRangeExpressionGeneratorComponentToBehaviorConverter:.ctor due to: Could not load file or assembly 'NexusLabs.Framework, Version=0.0.5.0, Culture=neutral, PublicKeyToken=null' or one of its dependencies. assembly:NexusLabs.Framework, Version=0.0.5.0, Culture=neutral, PublicKeyToken=null type:<unknown type> member:(null) signature:<none>

Error: Could not load signature of ProjectXyz.Plugins.Data.Newtonsoft.NewtonsoftJsonRecursiveSerialization:.ctor due to: Could not load file or assembly 'NexusLabs.Framework, Version=0.0.5.0, Culture=neutral, PublicKeyToken=null' or one of its dependencies. assembly:NexusLabs.Framework, Version=0.0.5.0, Culture=neutral, PublicKeyToken=null type:<unknown type> member:(null) signature:<none>

Error: Could not load signature of ProjectXyz.Api.Framework.Collections.EnumerableExtensions:Random due to: Could not load file or assembly 'NexusLabs.Framework, Version=0.0.5.0, Culture=neutral, PublicKeyToken=null' or one of its dependencies. assembly:NexusLabs.Framework, Version=0.0.5.0, Culture=neutral, PublicKeyToken=null type:<unknown type> member:(null) signature:<none>

Error: Could not load signature of ProjectXyz.Plugins.Features.GameObjects.Items.Generation.BaseItemGenerator:.ctor due to: Could not load file or assembly 'NexusLabs.Framework, Version=0.0.5.0, Culture=neutral, PublicKeyToken=null' or one of its dependencies. assembly:NexusLabs.Framework, Version=0.0.5.0, Culture=neutral, PublicKeyToken=null type:<unknown type> member:(null) signature:<none>

Error: Could not load signature of Macerus.Plugins.Features.GameObjects.Items.Generation.Magic.MagicItemNameGenerator:.ctor due to: Could not load file or assembly 'NexusLabs.Framework, Version=0.0.5.0, Culture=neutral, PublicKeyToken=null' or one of its dependencies. assembly:NexusLabs.Framework, Version=0.0.5.0, Culture=neutral, PublicKeyToken=null type:<unknown type> member:(null) signature:<none>

Error: Could not load signature of ProjectXyz.Plugins.Features.GameObjects.Items.Generation.InMemory.ItemGeneratorFacade:.ctor due to: Could not load file or assembly 'NexusLabs.Framework, Version=0.0.5.0, Culture=neutral, PublicKeyToken=null' or one of its dependencies. assembly:NexusLabs.Framework, Version=0.0.5.0, Culture=neutral, PublicKeyToken=null type:<unknown type> member:(null) signature:<none>

Unloading broken assembly Assets/Plugins/ProjectXyz.Plugins.Features.Enchantments.Generation.dll, this assembly can cause crashes in the runtime

Unloading broken assembly Assets/Plugins/ProjectXyz.Plugins.Framework.NexusLabs.dll, this assembly can cause crashes in the runtime

Unloading broken assembly Assets/Plugins/Macerus.Plugins.Content.Wip.dll, this assembly can cause crashes in the runtime

Unloading broken assembly Assets/Plugins/ProjectXyz.Plugins.Data.Newtonsoft.dll, this assembly can cause crashes in the runtime

Unloading broken assembly Assets/Plugins/ProjectXyz.Api.Framework.dll, this assembly can cause crashes in the runtime

Unloading broken assembly Assets/Plugins/ProjectXyz.Plugins.Features.GameObjects.Items.Generation.dll, this assembly can cause crashes in the runtime

Unloading broken assembly Assets/Plugins/Macerus.Plugins.Features.GameObjects.Items.Generation.Magic.dll, this assembly can cause crashes in the runtime

Unloading broken assembly Assets/Plugins/ProjectXyz.Plugins.Features.GameObjects.Items.Generation.InMemory.dll, this assembly can cause crashes in the runtime

Native extension for WindowsStandalone target not found
Refreshing native plugins compatible for Editor in 1.61 ms, found 0 plugins.
Preloading 0 native plugins for Editor in 0.00 ms.
Invoked RoslynAnalysisRunner static constructor.
RoslynAnalysisRunner will not be running.
RoslynAnalysisRunner has terminated.
Mono: successfully reloaded assembly
- Completed reload, in  1.343 seconds
Platform modules already initialized, skipping
Assertion failed on expression: 'reloadOk'

Refreshing native plugins compatible for Editor in 1.31 ms, found 0 plugins.
Preloading 0 native plugins for Editor in 0.00 ms.
Unloading 1775 Unused Serialized files (Serialized files now loaded: 0)
System memory in use before: 74.2 MB.
System memory in use after: 74.3 MB.

Unloading 125 unused Assets to reduce memory usage. Loaded Objects now: 2131.
Total: 3.424500 ms (FindLiveObjects: 0.522700 ms CreateObjectMapping: 0.152000 ms MarkObjects: 2.637700 ms  DeleteObjects: 0.094500 ms)

========================================================================
Received Import Request.
  Time since last request: 782.131501 seconds.
  path: Assets/Scenes
  artifactKey: Guid(131a6b21c8605f84396be9f6751fb6e3) Importer(815301076,1909f56bfc062723c751e8b465ee728b)
Start importing Assets/Scenes using Guid(131a6b21c8605f84396be9f6751fb6e3) Importer(815301076,1909f56bfc062723c751e8b465ee728b)  -> (artifact id: '8eb67eeed9d883000419b191e3eaa3af') in 0.026668 seconds
  Import took 0.031133 seconds .

========================================================================
Received Import Request.
  Time since last request: 0.001533 seconds.
  path: Assets/Scenes
  artifactKey: Guid(131a6b21c8605f84396be9f6751fb6e3) Importer(815301076,1909f56bfc062723c751e8b465ee728b)
Start importing Assets/Scenes using Guid(131a6b21c8605f84396be9f6751fb6e3) Importer(815301076,1909f56bfc062723c751e8b465ee728b)  -> (artifact id: '8eb67eeed9d883000419b191e3eaa3af') in 0.007534 seconds
  Import took 0.015039 seconds .

========================================================================
Received Import Request.
  Time since last request: 1.126289 seconds.
  path: Assets/Scenes/MainMenu.unity
  artifactKey: Guid(e65eb65130cd27447925fe705bcb397c) Importer(815301076,1909f56bfc062723c751e8b465ee728b)
Start importing Assets/Scenes/MainMenu.unity using Guid(e65eb65130cd27447925fe705bcb397c) Importer(815301076,1909f56bfc062723c751e8b465ee728b)  -> (artifact id: '28dc4da5b83ded258a037782dcb9f794') in 0.027871 seconds
  Import took 0.031923 seconds .

========================================================================
Received Prepare
Registering precompiled user dll's ...
Registered in 0.078582 seconds.
Begin MonoManager ReloadAssembly
Symbol file LoadedFromMemory is not a mono symbol file
Symbol file LoadedFromMemory is not a mono symbol file
Symbol file LoadedFromMemory is not a mono symbol file
Symbol file LoadedFromMemory is not a mono symbol file
Symbol file LoadedFromMemory is not a mono symbol file
Symbol file LoadedFromMemory is not a mono symbol file
Symbol file LoadedFromMemory is not a mono symbol file
Symbol file LoadedFromMemory is not a mono symbol file
Symbol file LoadedFromMemory is not a mono symbol file
Symbol file LoadedFromMemory is not a mono symbol file
Symbol file LoadedFromMemory is not a mono symbol file
Symbol file LoadedFromMemory is not a mono symbol file
Symbol file LoadedFromMemory is not a mono symbol file
Symbol file LoadedFromMemory is not a mono symbol file
Symbol file LoadedFromMemory is not a mono symbol file
Symbol file LoadedFromMemory is not a mono symbol file
Symbol file LoadedFromMemory is not a mono symbol file
Symbol file LoadedFromMemory is not a mono symbol file
Symbol file LoadedFromMemory is not a mono symbol file
Symbol file LoadedFromMemory is not a mono symbol file
Symbol file LoadedFromMemory is not a mono symbol file
Symbol file LoadedFromMemory is not a mono symbol file
Symbol file LoadedFromMemory is not a mono symbol file
Symbol file LoadedFromMemory is not a mono symbol file
Symbol file LoadedFromMemory is not a mono symbol file
Symbol file LoadedFromMemory is not a mono symbol file
Symbol file LoadedFromMemory is not a mono symbol file
Symbol file LoadedFromMemory is not a mono symbol file
Symbol file LoadedFromMemory is not a mono symbol file
Symbol file LoadedFromMemory is not a mono symbol file
Symbol file LoadedFromMemory is not a mono symbol file
Symbol file LoadedFromMemory is not a mono symbol file
Symbol file LoadedFromMemory is not a mono symbol file
Symbol file LoadedFromMemory is not a mono symbol file
Symbol file LoadedFromMemory is not a mono symbol file
Symbol file LoadedFromMemory is not a mono symbol file
Symbol file LoadedFromMemory is not a mono symbol file
Symbol file LoadedFromMemory is not a mono symbol file
Symbol file LoadedFromMemory is not a mono symbol file
Symbol file LoadedFromMemory is not a mono symbol file
Symbol file LoadedFromMemory is not a mono symbol file
Symbol file LoadedFromMemory is not a mono symbol file
Symbol file LoadedFromMemory is not a mono symbol file
Symbol file LoadedFromMemory is not a mono symbol file
Symbol file LoadedFromMemory is not a mono symbol file
Symbol file LoadedFromMemory is not a mono symbol file
Symbol file LoadedFromMemory is not a mono symbol file
Symbol file LoadedFromMemory is not a mono symbol file
Symbol file LoadedFromMemory is not a mono symbol file
Symbol file LoadedFromMemory is not a mono symbol file
Symbol file LoadedFromMemory is not a mono symbol file
Symbol file LoadedFromMemory is not a mono symbol file
Symbol file LoadedFromMemory is not a mono symbol file
Symbol file LoadedFromMemory is not a mono symbol file
Symbol file LoadedFromMemory is not a mono symbol file
Failed loading assembly 'Assets/Dependencies/System.IO.Compression.FileSystem.dll' reason: File does not contain a valid CIL image
Loading assembly failed: "Assets/Dependencies/System.IO.Compression.FileSystem.dll" reason: File does not contain a valid CIL image

Symbol file LoadedFromMemory is not a mono symbol file
Symbol file LoadedFromMemory is not a mono symbol file
Failed loading assembly 'Assets/Dependencies/System.IO.Compression.dll' reason: File does not contain a valid CIL image
Loading assembly failed: "Assets/Dependencies/System.IO.Compression.dll" reason: File does not contain a valid CIL image

Symbol file LoadedFromMemory is not a mono symbol file
Symbol file LoadedFromMemory is not a mono symbol file
Symbol file LoadedFromMemory is not a mono symbol file
Symbol file LoadedFromMemory is not a mono symbol file
Symbol file LoadedFromMemory is not a mono symbol file
Symbol file LoadedFromMemory is not a mono symbol file
Symbol file LoadedFromMemory is not a mono symbol file
Symbol file LoadedFromMemory is not a mono symbol file
Symbol file LoadedFromMemory is not a mono symbol file
Symbol file LoadedFromMemory is not a mono symbol file
Symbol file LoadedFromMemory is not a mono symbol file
Symbol file LoadedFromMemory is not a mono symbol file
Symbol file LoadedFromMemory is not a mono symbol file
Symbol file LoadedFromMemory is not a mono symbol file
Symbol file LoadedFromMemory is not a mono symbol file
Symbol file LoadedFromMemory is not a mono symbol file
Symbol file LoadedFromMemory is not a mono symbol file
Symbol file LoadedFromMemory is not a mono symbol file
Symbol file LoadedFromMemory is not a mono symbol file
Symbol file LoadedFromMemory is not a mono symbol file
Symbol file LoadedFromMemory is not a mono symbol file
Symbol file LoadedFromMemory is not a mono symbol file
Symbol file LoadedFromMemory is not a mono symbol file
Symbol file LoadedFromMemory is not a mono symbol file
Symbol file LoadedFromMemory is not a mono symbol file
Symbol file LoadedFromMemory is not a mono symbol file
Symbol file LoadedFromMemory is not a mono symbol file
Symbol file LoadedFromMemory is not a mono symbol file
Native extension for WindowsStandalone target not found
Refreshing native plugins compatible for Editor in 4.15 ms, found 0 plugins.
Preloading 0 native plugins for Editor in 0.00 ms.
Invoked RoslynAnalysisRunner static constructor.
RoslynAnalysisRunner will not be running.
RoslynAnalysisRunner has terminated.
Mono: successfully reloaded assembly
- Completed reload, in  2.545 seconds
Platform modules already initialized, skipping
Assertion failed on expression: 'reloadOk'

Refreshing native plugins compatible for Editor in 1.25 ms, found 0 plugins.
Preloading 0 native plugins for Editor in 0.00 ms.
Unloading 1778 Unused Serialized files (Serialized files now loaded: 0)
System memory in use before: 74.3 MB.
System memory in use after: 74.4 MB.

Unloading 128 unused Assets to reduce memory usage. Loaded Objects now: 2133.
Total: 4.133300 ms (FindLiveObjects: 0.439100 ms CreateObjectMapping: 0.155700 ms MarkObjects: 3.457000 ms  DeleteObjects: 0.079600 ms)

========================================================================
Received Prepare
Registering precompiled user dll's ...
Registered in 0.067372 seconds.
Begin MonoManager ReloadAssembly
Failed loading assembly 'Assets/Dependencies/System.IO.Compression.FileSystem.dll' reason: File does not contain a valid CIL image
Loading assembly failed: "Assets/Dependencies/System.IO.Compression.FileSystem.dll" reason: File does not contain a valid CIL image

Failed loading assembly 'Assets/Dependencies/System.IO.Compression.dll' reason: File does not contain a valid CIL image
Loading assembly failed: "Assets/Dependencies/System.IO.Compression.dll" reason: File does not contain a valid CIL image

Native extension for WindowsStandalone target not found
Refreshing native plugins compatible for Editor in 1.60 ms, found 0 plugins.
Preloading 0 native plugins for Editor in 0.00 ms.
Invoked RoslynAnalysisRunner static constructor.
RoslynAnalysisRunner will not be running.
RoslynAnalysisRunner has terminated.
Mono: successfully reloaded assembly
- Completed reload, in  1.736 seconds
Platform modules already initialized, skipping
Assertion failed on expression: 'reloadOk'

Refreshing native plugins compatible for Editor in 1.91 ms, found 0 plugins.
Preloading 0 native plugins for Editor in 0.00 ms.
Unloading 1778 Unused Serialized files (Serialized files now loaded: 0)
System memory in use before: 74.3 MB.
System memory in use after: 74.4 MB.

Unloading 128 unused Assets to reduce memory usage. Loaded Objects now: 2135.
Total: 4.912900 ms (FindLiveObjects: 1.069500 ms CreateObjectMapping: 0.323700 ms MarkObjects: 3.324700 ms  DeleteObjects: 0.172700 ms)

========================================================================
Received Prepare
Registering precompiled user dll's ...
Registered in 0.100379 seconds.
Begin MonoManager ReloadAssembly
Symbol file LoadedFromMemory is not a mono symbol file
Symbol file LoadedFromMemory is not a mono symbol file
Symbol file LoadedFromMemory is not a mono symbol file
Symbol file LoadedFromMemory is not a mono symbol file
Symbol file LoadedFromMemory is not a mono symbol file
Symbol file LoadedFromMemory is not a mono symbol file
Symbol file LoadedFromMemory is not a mono symbol file
Symbol file LoadedFromMemory is not a mono symbol file
Symbol file LoadedFromMemory is not a mono symbol file
Symbol file LoadedFromMemory is not a mono symbol file
Symbol file LoadedFromMemory is not a mono symbol file
Symbol file LoadedFromMemory is not a mono symbol file
Symbol file LoadedFromMemory is not a mono symbol file
Symbol file LoadedFromMemory is not a mono symbol file
Symbol file LoadedFromMemory is not a mono symbol file
Symbol file LoadedFromMemory is not a mono symbol file
Symbol file LoadedFromMemory is not a mono symbol file
Symbol file LoadedFromMemory is not a mono symbol file
Symbol file LoadedFromMemory is not a mono symbol file
Symbol file LoadedFromMemory is not a mono symbol file
Symbol file LoadedFromMemory is not a mono symbol file
Symbol file LoadedFromMemory is not a mono symbol file
Symbol file LoadedFromMemory is not a mono symbol file
Symbol file LoadedFromMemory is not a mono symbol file
Symbol file LoadedFromMemory is not a mono symbol file
Symbol file LoadedFromMemory is not a mono symbol file
Symbol file LoadedFromMemory is not a mono symbol file
Symbol file LoadedFromMemory is not a mono symbol file
Symbol file LoadedFromMemory is not a mono symbol file
Symbol file LoadedFromMemory is not a mono symbol file
Symbol file LoadedFromMemory is not a mono symbol file
Symbol file LoadedFromMemory is not a mono symbol file
Symbol file LoadedFromMemory is not a mono symbol file
Symbol file LoadedFromMemory is not a mono symbol file
Symbol file LoadedFromMemory is not a mono symbol file
Symbol file LoadedFromMemory is not a mono symbol file
Symbol file LoadedFromMemory is not a mono symbol file
Symbol file LoadedFromMemory is not a mono symbol file
Symbol file LoadedFromMemory is not a mono symbol file
Symbol file LoadedFromMemory is not a mono symbol file
Symbol file LoadedFromMemory is not a mono symbol file
Symbol file LoadedFromMemory is not a mono symbol file
Symbol file LoadedFromMemory is not a mono symbol file
Symbol file LoadedFromMemory is not a mono symbol file
Symbol file LoadedFromMemory is not a mono symbol file
Symbol file LoadedFromMemory is not a mono symbol file
Symbol file LoadedFromMemory is not a mono symbol file
Symbol file LoadedFromMemory is not a mono symbol file
Symbol file LoadedFromMemory is not a mono symbol file
Symbol file LoadedFromMemory is not a mono symbol file
Symbol file LoadedFromMemory is not a mono symbol file
Symbol file LoadedFromMemory is not a mono symbol file
Symbol file LoadedFromMemory is not a mono symbol file
Symbol file LoadedFromMemory is not a mono symbol file
Symbol file LoadedFromMemory is not a mono symbol file
Failed loading assembly 'Assets/Dependencies/System.IO.Compression.FileSystem.dll' reason: File does not contain a valid CIL image
Loading assembly failed: "Assets/Dependencies/System.IO.Compression.FileSystem.dll" reason: File does not contain a valid CIL image

Symbol file LoadedFromMemory is not a mono symbol file
Symbol file LoadedFromMemory is not a mono symbol file
Failed loading assembly 'Assets/Dependencies/System.IO.Compression.dll' reason: File does not contain a valid CIL image
Loading assembly failed: "Assets/Dependencies/System.IO.Compression.dll" reason: File does not contain a valid CIL image

Symbol file LoadedFromMemory is not a mono symbol file
Symbol file LoadedFromMemory is not a mono symbol file
Symbol file LoadedFromMemory is not a mono symbol file
Symbol file LoadedFromMemory is not a mono symbol file
Symbol file LoadedFromMemory is not a mono symbol file
Symbol file LoadedFromMemory is not a mono symbol file
Symbol file LoadedFromMemory is not a mono symbol file
Symbol file LoadedFromMemory is not a mono symbol file
Symbol file LoadedFromMemory is not a mono symbol file
Symbol file LoadedFromMemory is not a mono symbol file
Symbol file LoadedFromMemory is not a mono symbol file
Symbol file LoadedFromMemory is not a mono symbol file
Symbol file LoadedFromMemory is not a mono symbol file
Symbol file LoadedFromMemory is not a mono symbol file
Symbol file LoadedFromMemory is not a mono symbol file
Symbol file LoadedFromMemory is not a mono symbol file
Symbol file LoadedFromMemory is not a mono symbol file
Symbol file LoadedFromMemory is not a mono symbol file
Symbol file LoadedFromMemory is not a mono symbol file
Symbol file LoadedFromMemory is not a mono symbol file
Symbol file LoadedFromMemory is not a mono symbol file
Symbol file LoadedFromMemory is not a mono symbol file
Symbol file LoadedFromMemory is not a mono symbol file
Symbol file LoadedFromMemory is not a mono symbol file
Symbol file LoadedFromMemory is not a mono symbol file
Symbol file LoadedFromMemory is not a mono symbol file
Symbol file LoadedFromMemory is not a mono symbol file
Symbol file LoadedFromMemory is not a mono symbol file
Native extension for WindowsStandalone target not found
Refreshing native plugins compatible for Editor in 1.26 ms, found 0 plugins.
Preloading 0 native plugins for Editor in 0.00 ms.
Invoked RoslynAnalysisRunner static constructor.
RoslynAnalysisRunner will not be running.
RoslynAnalysisRunner has terminated.
Mono: successfully reloaded assembly
- Completed reload, in  1.616 seconds
Platform modules already initialized, skipping
Assertion failed on expression: 'reloadOk'

Refreshing native plugins compatible for Editor in 1.41 ms, found 0 plugins.
Preloading 0 native plugins for Editor in 0.00 ms.
Unloading 1778 Unused Serialized files (Serialized files now loaded: 0)
System memory in use before: 74.3 MB.
System memory in use after: 74.4 MB.

Unloading 128 unused Assets to reduce memory usage. Loaded Objects now: 2137.
Total: 3.181600 ms (FindLiveObjects: 0.510700 ms CreateObjectMapping: 0.121500 ms MarkObjects: 2.471400 ms  DeleteObjects: 0.076800 ms)

========================================================================
Received Prepare
Registering precompiled user dll's ...
Registered in 0.080209 seconds.
Begin MonoManager ReloadAssembly
Symbol file LoadedFromMemory is not a mono symbol file
Symbol file LoadedFromMemory is not a mono symbol file
Symbol file LoadedFromMemory is not a mono symbol file
Symbol file LoadedFromMemory is not a mono symbol file
Symbol file LoadedFromMemory is not a mono symbol file
Symbol file LoadedFromMemory is not a mono symbol file
Symbol file LoadedFromMemory is not a mono symbol file
Symbol file LoadedFromMemory is not a mono symbol file
Symbol file LoadedFromMemory is not a mono symbol file
Symbol file LoadedFromMemory is not a mono symbol file
Symbol file LoadedFromMemory is not a mono symbol file
Symbol file LoadedFromMemory is not a mono symbol file
Symbol file LoadedFromMemory is not a mono symbol file
Symbol file LoadedFromMemory is not a mono symbol file
Symbol file LoadedFromMemory is not a mono symbol file
Symbol file LoadedFromMemory is not a mono symbol file
Symbol file LoadedFromMemory is not a mono symbol file
Symbol file LoadedFromMemory is not a mono symbol file
Symbol file LoadedFromMemory is not a mono symbol file
Symbol file LoadedFromMemory is not a mono symbol file
Symbol file LoadedFromMemory is not a mono symbol file
Symbol file LoadedFromMemory is not a mono symbol file
Symbol file LoadedFromMemory is not a mono symbol file
Symbol file LoadedFromMemory is not a mono symbol file
Symbol file LoadedFromMemory is not a mono symbol file
Symbol file LoadedFromMemory is not a mono symbol file
Symbol file LoadedFromMemory is not a mono symbol file
Symbol file LoadedFromMemory is not a mono symbol file
Symbol file LoadedFromMemory is not a mono symbol file
Symbol file LoadedFromMemory is not a mono symbol file
Symbol file LoadedFromMemory is not a mono symbol file
Symbol file LoadedFromMemory is not a mono symbol file
Symbol file LoadedFromMemory is not a mono symbol file
Symbol file LoadedFromMemory is not a mono symbol file
Symbol file LoadedFromMemory is not a mono symbol file
Symbol file LoadedFromMemory is not a mono symbol file
Symbol file LoadedFromMemory is not a mono symbol file
Symbol file LoadedFromMemory is not a mono symbol file
Symbol file LoadedFromMemory is not a mono symbol file
Symbol file LoadedFromMemory is not a mono symbol file
Symbol file LoadedFromMemory is not a mono symbol file
Symbol file LoadedFromMemory is not a mono symbol file
Symbol file LoadedFromMemory is not a mono symbol file
Symbol file LoadedFromMemory is not a mono symbol file
Symbol file LoadedFromMemory is not a mono symbol file
Symbol file LoadedFromMemory is not a mono symbol file
Symbol file LoadedFromMemory is not a mono symbol file
Symbol file LoadedFromMemory is not a mono symbol file
Symbol file LoadedFromMemory is not a mono symbol file
Symbol file LoadedFromMemory is not a mono symbol file
Symbol file LoadedFromMemory is not a mono symbol file
Symbol file LoadedFromMemory is not a mono symbol file
Symbol file LoadedFromMemory is not a mono symbol file
Symbol file LoadedFromMemory is not a mono symbol file
Symbol file LoadedFromMemory is not a mono symbol file
Failed loading assembly 'Assets/Dependencies/System.IO.Compression.FileSystem.dll' reason: File does not contain a valid CIL image
Loading assembly failed: "Assets/Dependencies/System.IO.Compression.FileSystem.dll" reason: File does not contain a valid CIL image

Symbol file LoadedFromMemory is not a mono symbol file
Symbol file LoadedFromMemory is not a mono symbol file
Failed loading assembly 'Assets/Dependencies/System.IO.Compression.dll' reason: File does not contain a valid CIL image
Loading assembly failed: "Assets/Dependencies/System.IO.Compression.dll" reason: File does not contain a valid CIL image

Symbol file LoadedFromMemory is not a mono symbol file
Symbol file LoadedFromMemory is not a mono symbol file
Symbol file LoadedFromMemory is not a mono symbol file
Symbol file LoadedFromMemory is not a mono symbol file
Symbol file LoadedFromMemory is not a mono symbol file
Symbol file LoadedFromMemory is not a mono symbol file
Symbol file LoadedFromMemory is not a mono symbol file
Symbol file LoadedFromMemory is not a mono symbol file
Symbol file LoadedFromMemory is not a mono symbol file
Symbol file LoadedFromMemory is not a mono symbol file
Symbol file LoadedFromMemory is not a mono symbol file
Symbol file LoadedFromMemory is not a mono symbol file
Symbol file LoadedFromMemory is not a mono symbol file
Symbol file LoadedFromMemory is not a mono symbol file
Symbol file LoadedFromMemory is not a mono symbol file
Symbol file LoadedFromMemory is not a mono symbol file
Symbol file LoadedFromMemory is not a mono symbol file
Symbol file LoadedFromMemory is not a mono symbol file
Symbol file LoadedFromMemory is not a mono symbol file
Symbol file LoadedFromMemory is not a mono symbol file
Symbol file LoadedFromMemory is not a mono symbol file
Symbol file LoadedFromMemory is not a mono symbol file
Symbol file LoadedFromMemory is not a mono symbol file
Symbol file LoadedFromMemory is not a mono symbol file
Symbol file LoadedFromMemory is not a mono symbol file
Symbol file LoadedFromMemory is not a mono symbol file
Symbol file LoadedFromMemory is not a mono symbol file
Symbol file LoadedFromMemory is not a mono symbol file
Native extension for WindowsStandalone target not found
Refreshing native plugins compatible for Editor in 6.02 ms, found 0 plugins.
Preloading 0 native plugins for Editor in 0.00 ms.
Invoked RoslynAnalysisRunner static constructor.
RoslynAnalysisRunner will not be running.
RoslynAnalysisRunner has terminated.
Mono: successfully reloaded assembly
- Completed reload, in  1.911 seconds
Platform modules already initialized, skipping
Assertion failed on expression: 'reloadOk'

Refreshing native plugins compatible for Editor in 1.39 ms, found 0 plugins.
Preloading 0 native plugins for Editor in 0.00 ms.
Unloading 1790 Unused Serialized files (Serialized files now loaded: 0)
System memory in use before: 75.0 MB.
System memory in use after: 75.1 MB.

Unloading 140 unused Assets to reduce memory usage. Loaded Objects now: 2139.
Total: 2.569000 ms (FindLiveObjects: 0.295300 ms CreateObjectMapping: 0.092200 ms MarkObjects: 2.077400 ms  DeleteObjects: 0.102300 ms)

========================================================================
Received Prepare
Registering precompiled user dll's ...
Registered in 0.072090 seconds.
Begin MonoManager ReloadAssembly
Symbol file LoadedFromMemory is not a mono symbol file
Symbol file LoadedFromMemory is not a mono symbol file
Symbol file LoadedFromMemory is not a mono symbol file
Symbol file LoadedFromMemory is not a mono symbol file
Symbol file LoadedFromMemory is not a mono symbol file
Symbol file LoadedFromMemory is not a mono symbol file
Symbol file LoadedFromMemory is not a mono symbol file
Symbol file LoadedFromMemory is not a mono symbol file
Symbol file LoadedFromMemory is not a mono symbol file
Symbol file LoadedFromMemory is not a mono symbol file
Symbol file LoadedFromMemory is not a mono symbol file
Symbol file LoadedFromMemory is not a mono symbol file
Symbol file LoadedFromMemory is not a mono symbol file
Symbol file LoadedFromMemory is not a mono symbol file
Symbol file LoadedFromMemory is not a mono symbol file
Symbol file LoadedFromMemory is not a mono symbol file
Symbol file LoadedFromMemory is not a mono symbol file
Symbol file LoadedFromMemory is not a mono symbol file
Symbol file LoadedFromMemory is not a mono symbol file
Symbol file LoadedFromMemory is not a mono symbol file
Symbol file LoadedFromMemory is not a mono symbol file
Symbol file LoadedFromMemory is not a mono symbol file
Symbol file LoadedFromMemory is not a mono symbol file
Symbol file LoadedFromMemory is not a mono symbol file
Symbol file LoadedFromMemory is not a mono symbol file
Symbol file LoadedFromMemory is not a mono symbol file
Symbol file LoadedFromMemory is not a mono symbol file
Symbol file LoadedFromMemory is not a mono symbol file
Symbol file LoadedFromMemory is not a mono symbol file
Symbol file LoadedFromMemory is not a mono symbol file
Symbol file LoadedFromMemory is not a mono symbol file
Symbol file LoadedFromMemory is not a mono symbol file
Symbol file LoadedFromMemory is not a mono symbol file
Symbol file LoadedFromMemory is not a mono symbol file
Symbol file LoadedFromMemory is not a mono symbol file
Symbol file LoadedFromMemory is not a mono symbol file
Symbol file LoadedFromMemory is not a mono symbol file
Symbol file LoadedFromMemory is not a mono symbol file
Symbol file LoadedFromMemory is not a mono symbol file
Symbol file LoadedFromMemory is not a mono symbol file
Symbol file LoadedFromMemory is not a mono symbol file
Symbol file LoadedFromMemory is not a mono symbol file
Symbol file LoadedFromMemory is not a mono symbol file
Symbol file LoadedFromMemory is not a mono symbol file
Symbol file LoadedFromMemory is not a mono symbol file
Symbol file LoadedFromMemory is not a mono symbol file
Symbol file LoadedFromMemory is not a mono symbol file
Symbol file LoadedFromMemory is not a mono symbol file
Symbol file LoadedFromMemory is not a mono symbol file
Symbol file LoadedFromMemory is not a mono symbol file
Symbol file LoadedFromMemory is not a mono symbol file
Symbol file LoadedFromMemory is not a mono symbol file
Symbol file LoadedFromMemory is not a mono symbol file
Symbol file LoadedFromMemory is not a mono symbol file
Symbol file LoadedFromMemory is not a mono symbol file
Failed loading assembly 'Assets/Dependencies/System.IO.Compression.FileSystem.dll' reason: File does not contain a valid CIL image
Loading assembly failed: "Assets/Dependencies/System.IO.Compression.FileSystem.dll" reason: File does not contain a valid CIL image

Symbol file LoadedFromMemory is not a mono symbol file
Symbol file LoadedFromMemory is not a mono symbol file
Failed loading assembly 'Assets/Dependencies/System.IO.Compression.dll' reason: File does not contain a valid CIL image
Loading assembly failed: "Assets/Dependencies/System.IO.Compression.dll" reason: File does not contain a valid CIL image

Symbol file LoadedFromMemory is not a mono symbol file
Symbol file LoadedFromMemory is not a mono symbol file
Symbol file LoadedFromMemory is not a mono symbol file
Symbol file LoadedFromMemory is not a mono symbol file
Symbol file LoadedFromMemory is not a mono symbol file
Symbol file LoadedFromMemory is not a mono symbol file
Symbol file LoadedFromMemory is not a mono symbol file
Symbol file LoadedFromMemory is not a mono symbol file
Symbol file LoadedFromMemory is not a mono symbol file
Symbol file LoadedFromMemory is not a mono symbol file
Symbol file LoadedFromMemory is not a mono symbol file
Symbol file LoadedFromMemory is not a mono symbol file
Symbol file LoadedFromMemory is not a mono symbol file
Symbol file LoadedFromMemory is not a mono symbol file
Symbol file LoadedFromMemory is not a mono symbol file
Symbol file LoadedFromMemory is not a mono symbol file
Symbol file LoadedFromMemory is not a mono symbol file
Symbol file LoadedFromMemory is not a mono symbol file
Symbol file LoadedFromMemory is not a mono symbol file
Symbol file LoadedFromMemory is not a mono symbol file
Symbol file LoadedFromMemory is not a mono symbol file
Symbol file LoadedFromMemory is not a mono symbol file
Symbol file LoadedFromMemory is not a mono symbol file
Symbol file LoadedFromMemory is not a mono symbol file
Symbol file LoadedFromMemory is not a mono symbol file
Symbol file LoadedFromMemory is not a mono symbol file
Symbol file LoadedFromMemory is not a mono symbol file
Symbol file LoadedFromMemory is not a mono symbol file
Native extension for WindowsStandalone target not found
Refreshing native plugins compatible for Editor in 6.12 ms, found 0 plugins.
Preloading 0 native plugins for Editor in 0.00 ms.
Invoked RoslynAnalysisRunner static constructor.
RoslynAnalysisRunner will not be running.
Temp/RoslynAnalysisRunner has been deleted.
RoslynAnalysisRunner has terminated.
Mono: successfully reloaded assembly
- Completed reload, in  1.891 seconds
Platform modules already initialized, skipping
Assertion failed on expression: 'reloadOk'

Refreshing native plugins compatible for Editor in 1.91 ms, found 0 plugins.
Preloading 0 native plugins for Editor in 0.00 ms.
Unloading 1790 Unused Serialized files (Serialized files now loaded: 0)
System memory in use before: 75.0 MB.
System memory in use after: 75.1 MB.

Unloading 140 unused Assets to reduce memory usage. Loaded Objects now: 2141.
Total: 4.395600 ms (FindLiveObjects: 0.475800 ms CreateObjectMapping: 0.237300 ms MarkObjects: 3.524400 ms  DeleteObjects: 0.155100 ms)

AssetImportWorkerClient::OnTransportError - code=2 error=End of file
